11/01/2025 16:36:59 - INFO - __main__ - Distributed environment: DistributedType.NO
Num processes: 1
Process index: 0
Local process index: 0
Device: cuda

Mixed precision type: no

You are using a model of type clip_text_model to instantiate a model of type . This is not supported for all configurations of models and can yield errors.
You are using a model of type clip_text_model to instantiate a model of type . This is not supported for all configurations of models and can yield errors.
{'rescale_betas_zero_snr', 'clip_sample_range', 'dynamic_thresholding_ratio', 'thresholding', 'variance_type'} was not found in config. Values will be initialized to default values.
{'use_post_quant_conv', 'use_quant_conv', 'mid_block_add_attention', 'latents_mean', 'latents_std', 'shift_factor'} was not found in config. Values will be initialized to default values.
All model checkpoint weights were used when initializing AutoencoderKL.

All the weights of AutoencoderKL were initialized from the model checkpoint at madebyollin/sdxl-vae-fp16-fix.
If your task is similar to the task the model of the checkpoint was trained on, you can already use AutoencoderKL for predictions without further training.
{'reverse_transformer_layers_per_block', 'dropout', 'attention_type'} was not found in config. Values will be initialized to default values.
All model checkpoint weights were used when initializing UNet2DConditionModel.

All the weights of UNet2DConditionModel were initialized from the model checkpoint at stabilityai/stable-diffusion-xl-base-1.0.
If your task is similar to the task the model of the checkpoint was trained on, you can already use UNet2DConditionModel for predictions without further training.

Downloading data:   0%|          | 0/146 [00:00<?, ?files/s]
Downloading data: 100%|██████████| 146/146 [00:00<00:00, 52227.58files/s]

Generating train split: 0 examples [00:00, ? examples/s]
Generating train split: 280 examples [00:00, 16856.20 examples/s]
11/01/2025 16:37:15 - INFO - __main__ - ***** Running training *****
11/01/2025 16:37:15 - INFO - __main__ -   Num examples = 280
11/01/2025 16:37:15 - INFO - __main__ -   Num Epochs = 15
11/01/2025 16:37:15 - INFO - __main__ -   Instantaneous batch size per device = 8
11/01/2025 16:37:15 - INFO - __main__ -   Total train batch size (w. parallel, distributed & accumulation) = 8
11/01/2025 16:37:15 - INFO - __main__ -   Gradient Accumulation steps = 1
11/01/2025 16:37:15 - INFO - __main__ -   Total optimization steps = 525

Steps:   0%|          | 0/525 [00:00<?, ?it/s]
Steps:   0%|          | 1/525 [00:02<20:35,  2.36s/it]
Steps:   0%|          | 1/525 [00:02<20:35,  2.36s/it, lr=1e-5, step_loss=0.0963]
Steps:   0%|          | 2/525 [00:04<17:15,  1.98s/it, lr=1e-5, step_loss=0.0963]
Steps:   0%|          | 2/525 [00:04<17:15,  1.98s/it, lr=1e-5, step_loss=0.181] 
Steps:   1%|          | 3/525 [00:05<16:27,  1.89s/it, lr=1e-5, step_loss=0.181]
Steps:   1%|          | 3/525 [00:05<16:27,  1.89s/it, lr=1e-5, step_loss=0.178]
Steps:   1%|          | 4/525 [00:07<16:08,  1.86s/it, lr=1e-5, step_loss=0.178]
Steps:   1%|          | 4/525 [00:07<16:08,  1.86s/it, lr=1e-5, step_loss=0.215]
Steps:   1%|          | 5/525 [00:09<15:52,  1.83s/it, lr=1e-5, step_loss=0.215]
Steps:   1%|          | 5/525 [00:09<15:52,  1.83s/it, lr=1e-5, step_loss=0.114]
Steps:   1%|          | 6/525 [00:11<15:47,  1.83s/it, lr=1e-5, step_loss=0.114]
Steps:   1%|          | 6/525 [00:11<15:47,  1.83s/it, lr=1e-5, step_loss=0.128]
Steps:   1%|▏         | 7/525 [00:13<15:39,  1.81s/it, lr=1e-5, step_loss=0.128]
Steps:   1%|▏         | 7/525 [00:13<15:39,  1.81s/it, lr=1e-5, step_loss=0.227]
Steps:   2%|▏         | 8/525 [00:14<15:36,  1.81s/it, lr=1e-5, step_loss=0.227]
Steps:   2%|▏         | 8/525 [00:14<15:36,  1.81s/it, lr=1e-5, step_loss=0.0601]
Steps:   2%|▏         | 9/525 [00:16<15:30,  1.80s/it, lr=1e-5, step_loss=0.0601]
Steps:   2%|▏         | 9/525 [00:16<15:30,  1.80s/it, lr=1e-5, step_loss=0.0936]
Steps:   2%|▏         | 10/525 [00:18<15:28,  1.80s/it, lr=1e-5, step_loss=0.0936]
Steps:   2%|▏         | 10/525 [00:18<15:28,  1.80s/it, lr=1e-5, step_loss=0.169] 
Steps:   2%|▏         | 11/525 [00:20<15:25,  1.80s/it, lr=1e-5, step_loss=0.169]
Steps:   2%|▏         | 11/525 [00:20<15:25,  1.80s/it, lr=1e-5, step_loss=0.112]
Steps:   2%|▏         | 12/525 [00:22<15:22,  1.80s/it, lr=1e-5, step_loss=0.112]
Steps:   2%|▏         | 12/525 [00:22<15:22,  1.80s/it, lr=1e-5, step_loss=0.104]
Steps:   2%|▏         | 13/525 [00:23<15:21,  1.80s/it, lr=1e-5, step_loss=0.104]
Steps:   2%|▏         | 13/525 [00:23<15:21,  1.80s/it, lr=1e-5, step_loss=0.117]
Steps:   3%|▎         | 14/525 [00:25<15:18,  1.80s/it, lr=1e-5, step_loss=0.117]
Steps:   3%|▎         | 14/525 [00:25<15:18,  1.80s/it, lr=1e-5, step_loss=0.0861]
Steps:   3%|▎         | 15/525 [00:27<15:18,  1.80s/it, lr=1e-5, step_loss=0.0861]
Steps:   3%|▎         | 15/525 [00:27<15:18,  1.80s/it, lr=1e-5, step_loss=0.124] 
Steps:   3%|▎         | 16/525 [00:29<15:13,  1.79s/it, lr=1e-5, step_loss=0.124]
Steps:   3%|▎         | 16/525 [00:29<15:13,  1.79s/it, lr=1e-5, step_loss=0.214]
Steps:   3%|▎         | 17/525 [00:31<15:10,  1.79s/it, lr=1e-5, step_loss=0.214]
Steps:   3%|▎         | 17/525 [00:31<15:10,  1.79s/it, lr=1e-5, step_loss=0.118]
Steps:   3%|▎         | 18/525 [00:32<15:08,  1.79s/it, lr=1e-5, step_loss=0.118]
Steps:   3%|▎         | 18/525 [00:32<15:08,  1.79s/it, lr=1e-5, step_loss=0.174]
Steps:   4%|▎         | 19/525 [00:34<15:04,  1.79s/it, lr=1e-5, step_loss=0.174]
Steps:   4%|▎         | 19/525 [00:34<15:04,  1.79s/it, lr=1e-5, step_loss=0.151]
Steps:   4%|▍         | 20/525 [00:36<15:05,  1.79s/it, lr=1e-5, step_loss=0.151]
Steps:   4%|▍         | 20/525 [00:36<15:05,  1.79s/it, lr=1e-5, step_loss=0.109]
Steps:   4%|▍         | 21/525 [00:38<15:03,  1.79s/it, lr=1e-5, step_loss=0.109]
Steps:   4%|▍         | 21/525 [00:38<15:03,  1.79s/it, lr=1e-5, step_loss=0.157]
Steps:   4%|▍         | 22/525 [00:39<15:02,  1.79s/it, lr=1e-5, step_loss=0.157]
Steps:   4%|▍         | 22/525 [00:40<15:02,  1.79s/it, lr=1e-5, step_loss=0.174]
Steps:   4%|▍         | 23/525 [00:41<15:00,  1.79s/it, lr=1e-5, step_loss=0.174]
Steps:   4%|▍         | 23/525 [00:41<15:00,  1.79s/it, lr=1e-5, step_loss=0.159]
Steps:   5%|▍         | 24/525 [00:43<14:59,  1.79s/it, lr=1e-5, step_loss=0.159]
Steps:   5%|▍         | 24/525 [00:43<14:59,  1.79s/it, lr=1e-5, step_loss=0.207]
Steps:   5%|▍         | 25/525 [00:45<14:58,  1.80s/it, lr=1e-5, step_loss=0.207]
Steps:   5%|▍         | 25/525 [00:45<14:58,  1.80s/it, lr=1e-5, step_loss=0.114]
Steps:   5%|▍         | 26/525 [00:47<14:57,  1.80s/it, lr=1e-5, step_loss=0.114]
Steps:   5%|▍         | 26/525 [00:47<14:57,  1.80s/it, lr=1e-5, step_loss=0.17] 
Steps:   5%|▌         | 27/525 [00:48<14:55,  1.80s/it, lr=1e-5, step_loss=0.17]
Steps:   5%|▌         | 27/525 [00:49<14:55,  1.80s/it, lr=1e-5, step_loss=0.109]
Steps:   5%|▌         | 28/525 [00:50<14:54,  1.80s/it, lr=1e-5, step_loss=0.109]
Steps:   5%|▌         | 28/525 [00:50<14:54,  1.80s/it, lr=1e-5, step_loss=0.0998]
Steps:   6%|▌         | 29/525 [00:52<14:49,  1.79s/it, lr=1e-5, step_loss=0.0998]
Steps:   6%|▌         | 29/525 [00:52<14:49,  1.79s/it, lr=1e-5, step_loss=0.202] 
Steps:   6%|▌         | 30/525 [00:54<14:48,  1.79s/it, lr=1e-5, step_loss=0.202]
Steps:   6%|▌         | 30/525 [00:54<14:48,  1.79s/it, lr=1e-5, step_loss=0.17] 
Steps:   6%|▌         | 31/525 [00:56<14:46,  1.79s/it, lr=1e-5, step_loss=0.17]
Steps:   6%|▌         | 31/525 [00:56<14:46,  1.79s/it, lr=1e-5, step_loss=0.107]
Steps:   6%|▌         | 32/525 [00:57<14:43,  1.79s/it, lr=1e-5, step_loss=0.107]
Steps:   6%|▌         | 32/525 [00:58<14:43,  1.79s/it, lr=1e-5, step_loss=0.148]
Steps:   6%|▋         | 33/525 [00:59<14:43,  1.80s/it, lr=1e-5, step_loss=0.148]
Steps:   6%|▋         | 33/525 [00:59<14:43,  1.80s/it, lr=1e-5, step_loss=0.112]
Steps:   6%|▋         | 34/525 [01:01<14:43,  1.80s/it, lr=1e-5, step_loss=0.112]
Steps:   6%|▋         | 34/525 [01:01<14:43,  1.80s/it, lr=1e-5, step_loss=0.109]
Steps:   7%|▋         | 35/525 [01:03<14:34,  1.79s/it, lr=1e-5, step_loss=0.109]
Steps:   7%|▋         | 35/525 [01:03<14:34,  1.79s/it, lr=1e-5, step_loss=0.12] 
Steps:   7%|▋         | 36/525 [01:05<14:40,  1.80s/it, lr=1e-5, step_loss=0.12]
Steps:   7%|▋         | 36/525 [01:05<14:40,  1.80s/it, lr=1e-5, step_loss=0.118]
Steps:   7%|▋         | 37/525 [01:06<14:41,  1.81s/it, lr=1e-5, step_loss=0.118]
Steps:   7%|▋         | 37/525 [01:07<14:41,  1.81s/it, lr=1e-5, step_loss=0.144]
Steps:   7%|▋         | 38/525 [01:08<14:40,  1.81s/it, lr=1e-5, step_loss=0.144]
Steps:   7%|▋         | 38/525 [01:08<14:40,  1.81s/it, lr=1e-5, step_loss=0.0867]
Steps:   7%|▋         | 39/525 [01:10<14:35,  1.80s/it, lr=1e-5, step_loss=0.0867]
Steps:   7%|▋         | 39/525 [01:10<14:35,  1.80s/it, lr=1e-5, step_loss=0.135] 
Steps:   8%|▊         | 40/525 [01:12<14:34,  1.80s/it, lr=1e-5, step_loss=0.135]
Steps:   8%|▊         | 40/525 [01:12<14:34,  1.80s/it, lr=1e-5, step_loss=0.191]
Steps:   8%|▊         | 41/525 [01:14<14:33,  1.80s/it, lr=1e-5, step_loss=0.191]
Steps:   8%|▊         | 41/525 [01:14<14:33,  1.80s/it, lr=1e-5, step_loss=0.117]
Steps:   8%|▊         | 42/525 [01:15<14:30,  1.80s/it, lr=1e-5, step_loss=0.117]
Steps:   8%|▊         | 42/525 [01:16<14:30,  1.80s/it, lr=1e-5, step_loss=0.149]
Steps:   8%|▊         | 43/525 [01:17<14:28,  1.80s/it, lr=1e-5, step_loss=0.149]
Steps:   8%|▊         | 43/525 [01:17<14:28,  1.80s/it, lr=1e-5, step_loss=0.107]
Steps:   8%|▊         | 44/525 [01:19<14:28,  1.81s/it, lr=1e-5, step_loss=0.107]
Steps:   8%|▊         | 44/525 [01:19<14:28,  1.81s/it, lr=1e-5, step_loss=0.0983]
Steps:   9%|▊         | 45/525 [01:21<14:25,  1.80s/it, lr=1e-5, step_loss=0.0983]
Steps:   9%|▊         | 45/525 [01:21<14:25,  1.80s/it, lr=1e-5, step_loss=0.0426]
Steps:   9%|▉         | 46/525 [01:23<14:23,  1.80s/it, lr=1e-5, step_loss=0.0426]
Steps:   9%|▉         | 46/525 [01:23<14:23,  1.80s/it, lr=1e-5, step_loss=0.165] 
Steps:   9%|▉         | 47/525 [01:24<14:21,  1.80s/it, lr=1e-5, step_loss=0.165]
Steps:   9%|▉         | 47/525 [01:25<14:21,  1.80s/it, lr=1e-5, step_loss=0.164]
Steps:   9%|▉         | 48/525 [01:26<14:20,  1.80s/it, lr=1e-5, step_loss=0.164]
Steps:   9%|▉         | 48/525 [01:26<14:20,  1.80s/it, lr=1e-5, step_loss=0.144]
Steps:   9%|▉         | 49/525 [01:28<14:18,  1.80s/it, lr=1e-5, step_loss=0.144]
Steps:   9%|▉         | 49/525 [01:28<14:18,  1.80s/it, lr=1e-5, step_loss=0.138]
Steps:  10%|▉         | 50/525 [01:30<14:17,  1.81s/it, lr=1e-5, step_loss=0.138]
Steps:  10%|▉         | 50/525 [01:30<14:17,  1.81s/it, lr=1e-5, step_loss=0.237]
Steps:  10%|▉         | 51/525 [01:32<14:15,  1.80s/it, lr=1e-5, step_loss=0.237]
Steps:  10%|▉         | 51/525 [01:32<14:15,  1.80s/it, lr=1e-5, step_loss=0.0872]
Steps:  10%|▉         | 52/525 [01:33<14:13,  1.80s/it, lr=1e-5, step_loss=0.0872]
Steps:  10%|▉         | 52/525 [01:34<14:13,  1.80s/it, lr=1e-5, step_loss=0.122] 
Steps:  10%|█         | 53/525 [01:35<14:12,  1.81s/it, lr=1e-5, step_loss=0.122]
Steps:  10%|█         | 53/525 [01:35<14:12,  1.81s/it, lr=1e-5, step_loss=0.182]
Steps:  10%|█         | 54/525 [01:37<14:12,  1.81s/it, lr=1e-5, step_loss=0.182]
Steps:  10%|█         | 54/525 [01:37<14:12,  1.81s/it, lr=1e-5, step_loss=0.108]
Steps:  10%|█         | 55/525 [01:39<14:10,  1.81s/it, lr=1e-5, step_loss=0.108]
Steps:  10%|█         | 55/525 [01:39<14:10,  1.81s/it, lr=1e-5, step_loss=0.106]
Steps:  11%|█         | 56/525 [01:41<14:08,  1.81s/it, lr=1e-5, step_loss=0.106]
Steps:  11%|█         | 56/525 [01:41<14:08,  1.81s/it, lr=1e-5, step_loss=0.145]
Steps:  11%|█         | 57/525 [01:43<14:07,  1.81s/it, lr=1e-5, step_loss=0.145]
Steps:  11%|█         | 57/525 [01:43<14:07,  1.81s/it, lr=1e-5, step_loss=0.0998]
Steps:  11%|█         | 58/525 [01:44<14:04,  1.81s/it, lr=1e-5, step_loss=0.0998]
Steps:  11%|█         | 58/525 [01:44<14:04,  1.81s/it, lr=1e-5, step_loss=0.0954]
Steps:  11%|█         | 59/525 [01:46<14:02,  1.81s/it, lr=1e-5, step_loss=0.0954]
Steps:  11%|█         | 59/525 [01:46<14:02,  1.81s/it, lr=1e-5, step_loss=0.189] 
Steps:  11%|█▏        | 60/525 [01:48<14:01,  1.81s/it, lr=1e-5, step_loss=0.189]
Steps:  11%|█▏        | 60/525 [01:48<14:01,  1.81s/it, lr=1e-5, step_loss=0.149]
Steps:  12%|█▏        | 61/525 [01:50<13:58,  1.81s/it, lr=1e-5, step_loss=0.149]
Steps:  12%|█▏        | 61/525 [01:50<13:58,  1.81s/it, lr=1e-5, step_loss=0.198]
Steps:  12%|█▏        | 62/525 [01:52<13:56,  1.81s/it, lr=1e-5, step_loss=0.198]
Steps:  12%|█▏        | 62/525 [01:52<13:56,  1.81s/it, lr=1e-5, step_loss=0.176]
Steps:  12%|█▏        | 63/525 [01:53<13:53,  1.80s/it, lr=1e-5, step_loss=0.176]
Steps:  12%|█▏        | 63/525 [01:53<13:53,  1.80s/it, lr=1e-5, step_loss=0.185]
Steps:  12%|█▏        | 64/525 [01:55<13:51,  1.80s/it, lr=1e-5, step_loss=0.185]
Steps:  12%|█▏        | 64/525 [01:55<13:51,  1.80s/it, lr=1e-5, step_loss=0.128]
Steps:  12%|█▏        | 65/525 [01:57<13:50,  1.81s/it, lr=1e-5, step_loss=0.128]
Steps:  12%|█▏        | 65/525 [01:57<13:50,  1.81s/it, lr=1e-5, step_loss=0.157]
Steps:  13%|█▎        | 66/525 [01:59<13:49,  1.81s/it, lr=1e-5, step_loss=0.157]
Steps:  13%|█▎        | 66/525 [01:59<13:49,  1.81s/it, lr=1e-5, step_loss=0.119]
Steps:  13%|█▎        | 67/525 [02:01<13:47,  1.81s/it, lr=1e-5, step_loss=0.119]
Steps:  13%|█▎        | 67/525 [02:01<13:47,  1.81s/it, lr=1e-5, step_loss=0.185]
Steps:  13%|█▎        | 68/525 [02:02<13:47,  1.81s/it, lr=1e-5, step_loss=0.185]
Steps:  13%|█▎        | 68/525 [02:03<13:47,  1.81s/it, lr=1e-5, step_loss=0.199]
Steps:  13%|█▎        | 69/525 [02:04<13:44,  1.81s/it, lr=1e-5, step_loss=0.199]
Steps:  13%|█▎        | 69/525 [02:04<13:44,  1.81s/it, lr=1e-5, step_loss=0.164]
Steps:  13%|█▎        | 70/525 [02:06<13:38,  1.80s/it, lr=1e-5, step_loss=0.164]
Steps:  13%|█▎        | 70/525 [02:06<13:38,  1.80s/it, lr=1e-5, step_loss=0.111]
Steps:  14%|█▎        | 71/525 [02:08<13:49,  1.83s/it, lr=1e-5, step_loss=0.111]
Steps:  14%|█▎        | 71/525 [02:08<13:49,  1.83s/it, lr=1e-5, step_loss=0.177]
Steps:  14%|█▎        | 72/525 [02:10<13:47,  1.83s/it, lr=1e-5, step_loss=0.177]
Steps:  14%|█▎        | 72/525 [02:10<13:47,  1.83s/it, lr=1e-5, step_loss=0.15] 
Steps:  14%|█▍        | 73/525 [02:12<13:43,  1.82s/it, lr=1e-5, step_loss=0.15]
Steps:  14%|█▍        | 73/525 [02:12<13:43,  1.82s/it, lr=1e-5, step_loss=0.207]
Steps:  14%|█▍        | 74/525 [02:13<13:39,  1.82s/it, lr=1e-5, step_loss=0.207]
Steps:  14%|█▍        | 74/525 [02:13<13:39,  1.82s/it, lr=1e-5, step_loss=0.107]
Steps:  14%|█▍        | 75/525 [02:15<13:35,  1.81s/it, lr=1e-5, step_loss=0.107]
Steps:  14%|█▍        | 75/525 [02:15<13:35,  1.81s/it, lr=1e-5, step_loss=0.108]
Steps:  14%|█▍        | 76/525 [02:17<13:35,  1.82s/it, lr=1e-5, step_loss=0.108]
Steps:  14%|█▍        | 76/525 [02:17<13:35,  1.82s/it, lr=1e-5, step_loss=0.142]
Steps:  15%|█▍        | 77/525 [02:19<13:31,  1.81s/it, lr=1e-5, step_loss=0.142]
Steps:  15%|█▍        | 77/525 [02:19<13:31,  1.81s/it, lr=1e-5, step_loss=0.11] 
Steps:  15%|█▍        | 78/525 [02:21<13:31,  1.82s/it, lr=1e-5, step_loss=0.11]
Steps:  15%|█▍        | 78/525 [02:21<13:31,  1.82s/it, lr=1e-5, step_loss=0.121]
Steps:  15%|█▌        | 79/525 [02:22<13:29,  1.82s/it, lr=1e-5, step_loss=0.121]
Steps:  15%|█▌        | 79/525 [02:22<13:29,  1.82s/it, lr=1e-5, step_loss=0.126]
Steps:  15%|█▌        | 80/525 [02:24<13:29,  1.82s/it, lr=1e-5, step_loss=0.126]
Steps:  15%|█▌        | 80/525 [02:24<13:29,  1.82s/it, lr=1e-5, step_loss=0.141]
Steps:  15%|█▌        | 81/525 [02:26<13:26,  1.82s/it, lr=1e-5, step_loss=0.141]
Steps:  15%|█▌        | 81/525 [02:26<13:26,  1.82s/it, lr=1e-5, step_loss=0.135]
Steps:  16%|█▌        | 82/525 [02:28<13:24,  1.82s/it, lr=1e-5, step_loss=0.135]
Steps:  16%|█▌        | 82/525 [02:28<13:24,  1.82s/it, lr=1e-5, step_loss=0.189]
Steps:  16%|█▌        | 83/525 [02:30<13:22,  1.82s/it, lr=1e-5, step_loss=0.189]
Steps:  16%|█▌        | 83/525 [02:30<13:22,  1.82s/it, lr=1e-5, step_loss=0.149]
Steps:  16%|█▌        | 84/525 [02:32<13:23,  1.82s/it, lr=1e-5, step_loss=0.149]
Steps:  16%|█▌        | 84/525 [02:32<13:23,  1.82s/it, lr=1e-5, step_loss=0.0935]
Steps:  16%|█▌        | 85/525 [02:33<13:19,  1.82s/it, lr=1e-5, step_loss=0.0935]
Steps:  16%|█▌        | 85/525 [02:33<13:19,  1.82s/it, lr=1e-5, step_loss=0.0981]
Steps:  16%|█▋        | 86/525 [02:35<13:17,  1.82s/it, lr=1e-5, step_loss=0.0981]
Steps:  16%|█▋        | 86/525 [02:35<13:17,  1.82s/it, lr=1e-5, step_loss=0.154] 
Steps:  17%|█▋        | 87/525 [02:37<13:14,  1.81s/it, lr=1e-5, step_loss=0.154]
Steps:  17%|█▋        | 87/525 [02:37<13:14,  1.81s/it, lr=1e-5, step_loss=0.179]
Steps:  17%|█▋        | 88/525 [02:39<13:13,  1.82s/it, lr=1e-5, step_loss=0.179]
Steps:  17%|█▋        | 88/525 [02:39<13:13,  1.82s/it, lr=1e-5, step_loss=0.244]
Steps:  17%|█▋        | 89/525 [02:41<13:12,  1.82s/it, lr=1e-5, step_loss=0.244]
Steps:  17%|█▋        | 89/525 [02:41<13:12,  1.82s/it, lr=1e-5, step_loss=0.181]
Steps:  17%|█▋        | 90/525 [02:42<13:10,  1.82s/it, lr=1e-5, step_loss=0.181]
Steps:  17%|█▋        | 90/525 [02:42<13:10,  1.82s/it, lr=1e-5, step_loss=0.128]
Steps:  17%|█▋        | 91/525 [02:44<13:07,  1.81s/it, lr=1e-5, step_loss=0.128]
Steps:  17%|█▋        | 91/525 [02:44<13:07,  1.81s/it, lr=1e-5, step_loss=0.0623]
Steps:  18%|█▊        | 92/525 [02:46<13:06,  1.82s/it, lr=1e-5, step_loss=0.0623]
Steps:  18%|█▊        | 92/525 [02:46<13:06,  1.82s/it, lr=1e-5, step_loss=0.163] 
Steps:  18%|█▊        | 93/525 [02:48<13:04,  1.82s/it, lr=1e-5, step_loss=0.163]
Steps:  18%|█▊        | 93/525 [02:48<13:04,  1.82s/it, lr=1e-5, step_loss=0.182]
Steps:  18%|█▊        | 94/525 [02:50<13:03,  1.82s/it, lr=1e-5, step_loss=0.182]
Steps:  18%|█▊        | 94/525 [02:50<13:03,  1.82s/it, lr=1e-5, step_loss=0.194]
Steps:  18%|█▊        | 95/525 [02:51<13:01,  1.82s/it, lr=1e-5, step_loss=0.194]
Steps:  18%|█▊        | 95/525 [02:52<13:01,  1.82s/it, lr=1e-5, step_loss=0.171]
Steps:  18%|█▊        | 96/525 [02:53<12:59,  1.82s/it, lr=1e-5, step_loss=0.171]
Steps:  18%|█▊        | 96/525 [02:53<12:59,  1.82s/it, lr=1e-5, step_loss=0.234]
Steps:  18%|█▊        | 97/525 [02:55<12:57,  1.82s/it, lr=1e-5, step_loss=0.234]
Steps:  18%|█▊        | 97/525 [02:55<12:57,  1.82s/it, lr=1e-5, step_loss=0.0652]
Steps:  19%|█▊        | 98/525 [02:57<12:56,  1.82s/it, lr=1e-5, step_loss=0.0652]
Steps:  19%|█▊        | 98/525 [02:57<12:56,  1.82s/it, lr=1e-5, step_loss=0.121] 
Steps:  19%|█▉        | 99/525 [02:59<12:53,  1.82s/it, lr=1e-5, step_loss=0.121]
Steps:  19%|█▉        | 99/525 [02:59<12:53,  1.82s/it, lr=1e-5, step_loss=0.182]
Steps:  19%|█▉        | 100/525 [03:01<12:54,  1.82s/it, lr=1e-5, step_loss=0.182]
Steps:  19%|█▉        | 100/525 [03:01<12:54,  1.82s/it, lr=1e-5, step_loss=0.163]
Steps:  19%|█▉        | 101/525 [03:03<13:16,  1.88s/it, lr=1e-5, step_loss=0.163]
Steps:  19%|█▉        | 101/525 [03:03<13:16,  1.88s/it, lr=1e-5, step_loss=0.123]
Steps:  19%|█▉        | 102/525 [03:04<12:54,  1.83s/it, lr=1e-5, step_loss=0.123]
Steps:  19%|█▉        | 102/525 [03:04<12:54,  1.83s/it, lr=1e-5, step_loss=0.124]
Steps:  20%|█▉        | 103/525 [03:06<12:53,  1.83s/it, lr=1e-5, step_loss=0.124]
Steps:  20%|█▉        | 103/525 [03:06<12:53,  1.83s/it, lr=1e-5, step_loss=0.0707]
Steps:  20%|█▉        | 104/525 [03:08<12:50,  1.83s/it, lr=1e-5, step_loss=0.0707]
Steps:  20%|█▉        | 104/525 [03:08<12:50,  1.83s/it, lr=1e-5, step_loss=0.192] 
Steps:  20%|██        | 105/525 [03:10<12:41,  1.81s/it, lr=1e-5, step_loss=0.192]
Steps:  20%|██        | 105/525 [03:10<12:41,  1.81s/it, lr=1e-5, step_loss=0.168]
Steps:  20%|██        | 106/525 [03:12<12:52,  1.84s/it, lr=1e-5, step_loss=0.168]
Steps:  20%|██        | 106/525 [03:12<12:52,  1.84s/it, lr=1e-5, step_loss=0.0557]
Steps:  20%|██        | 107/525 [03:13<12:48,  1.84s/it, lr=1e-5, step_loss=0.0557]
Steps:  20%|██        | 107/525 [03:14<12:48,  1.84s/it, lr=1e-5, step_loss=0.2]   
Steps:  21%|██        | 108/525 [03:15<12:42,  1.83s/it, lr=1e-5, step_loss=0.2]
Steps:  21%|██        | 108/525 [03:15<12:42,  1.83s/it, lr=1e-5, step_loss=0.109]
Steps:  21%|██        | 109/525 [03:17<12:39,  1.83s/it, lr=1e-5, step_loss=0.109]
Steps:  21%|██        | 109/525 [03:17<12:39,  1.83s/it, lr=1e-5, step_loss=0.183]
Steps:  21%|██        | 110/525 [03:19<12:36,  1.82s/it, lr=1e-5, step_loss=0.183]
Steps:  21%|██        | 110/525 [03:19<12:36,  1.82s/it, lr=1e-5, step_loss=0.179]
Steps:  21%|██        | 111/525 [03:21<12:34,  1.82s/it, lr=1e-5, step_loss=0.179]
Steps:  21%|██        | 111/525 [03:21<12:34,  1.82s/it, lr=1e-5, step_loss=0.132]
Steps:  21%|██▏       | 112/525 [03:23<12:31,  1.82s/it, lr=1e-5, step_loss=0.132]
Steps:  21%|██▏       | 112/525 [03:23<12:31,  1.82s/it, lr=1e-5, step_loss=0.0983]
Steps:  22%|██▏       | 113/525 [03:24<12:27,  1.82s/it, lr=1e-5, step_loss=0.0983]
Steps:  22%|██▏       | 113/525 [03:24<12:27,  1.82s/it, lr=1e-5, step_loss=0.109] 
Steps:  22%|██▏       | 114/525 [03:26<12:23,  1.81s/it, lr=1e-5, step_loss=0.109]
Steps:  22%|██▏       | 114/525 [03:26<12:23,  1.81s/it, lr=1e-5, step_loss=0.185]
Steps:  22%|██▏       | 115/525 [03:28<12:22,  1.81s/it, lr=1e-5, step_loss=0.185]
Steps:  22%|██▏       | 115/525 [03:28<12:22,  1.81s/it, lr=1e-5, step_loss=0.146]
Steps:  22%|██▏       | 116/525 [03:30<12:22,  1.81s/it, lr=1e-5, step_loss=0.146]
Steps:  22%|██▏       | 116/525 [03:30<12:22,  1.81s/it, lr=1e-5, step_loss=0.213]
Steps:  22%|██▏       | 117/525 [03:32<12:19,  1.81s/it, lr=1e-5, step_loss=0.213]
Steps:  22%|██▏       | 117/525 [03:32<12:19,  1.81s/it, lr=1e-5, step_loss=0.165]
Steps:  22%|██▏       | 118/525 [03:33<12:19,  1.82s/it, lr=1e-5, step_loss=0.165]
Steps:  22%|██▏       | 118/525 [03:34<12:19,  1.82s/it, lr=1e-5, step_loss=0.178]
Steps:  23%|██▎       | 119/525 [03:35<12:17,  1.82s/it, lr=1e-5, step_loss=0.178]
Steps:  23%|██▎       | 119/525 [03:35<12:17,  1.82s/it, lr=1e-5, step_loss=0.151]
Steps:  23%|██▎       | 120/525 [03:37<12:16,  1.82s/it, lr=1e-5, step_loss=0.151]
Steps:  23%|██▎       | 120/525 [03:37<12:16,  1.82s/it, lr=1e-5, step_loss=0.177]
Steps:  23%|██▎       | 121/525 [03:39<12:14,  1.82s/it, lr=1e-5, step_loss=0.177]
Steps:  23%|██▎       | 121/525 [03:39<12:14,  1.82s/it, lr=1e-5, step_loss=0.166]
Steps:  23%|██▎       | 122/525 [03:41<12:13,  1.82s/it, lr=1e-5, step_loss=0.166]
Steps:  23%|██▎       | 122/525 [03:41<12:13,  1.82s/it, lr=1e-5, step_loss=0.163]
Steps:  23%|██▎       | 123/525 [03:43<12:12,  1.82s/it, lr=1e-5, step_loss=0.163]
Steps:  23%|██▎       | 123/525 [03:43<12:12,  1.82s/it, lr=1e-5, step_loss=0.228]
Steps:  24%|██▎       | 124/525 [03:44<12:08,  1.82s/it, lr=1e-5, step_loss=0.228]
Steps:  24%|██▎       | 124/525 [03:44<12:08,  1.82s/it, lr=1e-5, step_loss=0.112]
Steps:  24%|██▍       | 125/525 [03:46<12:06,  1.82s/it, lr=1e-5, step_loss=0.112]
Steps:  24%|██▍       | 125/525 [03:46<12:06,  1.82s/it, lr=1e-5, step_loss=0.161]
Steps:  24%|██▍       | 126/525 [03:48<12:05,  1.82s/it, lr=1e-5, step_loss=0.161]
Steps:  24%|██▍       | 126/525 [03:48<12:05,  1.82s/it, lr=1e-5, step_loss=0.147]
Steps:  24%|██▍       | 127/525 [03:50<12:03,  1.82s/it, lr=1e-5, step_loss=0.147]
Steps:  24%|██▍       | 127/525 [03:50<12:03,  1.82s/it, lr=1e-5, step_loss=0.148]
Steps:  24%|██▍       | 128/525 [03:52<12:02,  1.82s/it, lr=1e-5, step_loss=0.148]
Steps:  24%|██▍       | 128/525 [03:52<12:02,  1.82s/it, lr=1e-5, step_loss=0.13] 
Steps:  25%|██▍       | 129/525 [03:53<12:00,  1.82s/it, lr=1e-5, step_loss=0.13]
Steps:  25%|██▍       | 129/525 [03:54<12:00,  1.82s/it, lr=1e-5, step_loss=0.148]
Steps:  25%|██▍       | 130/525 [03:55<11:57,  1.82s/it, lr=1e-5, step_loss=0.148]
Steps:  25%|██▍       | 130/525 [03:55<11:57,  1.82s/it, lr=1e-5, step_loss=0.0918]
Steps:  25%|██▍       | 131/525 [03:57<11:55,  1.82s/it, lr=1e-5, step_loss=0.0918]
Steps:  25%|██▍       | 131/525 [03:57<11:55,  1.82s/it, lr=1e-5, step_loss=0.16]  
Steps:  25%|██▌       | 132/525 [03:59<11:53,  1.81s/it, lr=1e-5, step_loss=0.16]
Steps:  25%|██▌       | 132/525 [03:59<11:53,  1.81s/it, lr=1e-5, step_loss=0.155]
Steps:  25%|██▌       | 133/525 [04:01<11:53,  1.82s/it, lr=1e-5, step_loss=0.155]
Steps:  25%|██▌       | 133/525 [04:01<11:53,  1.82s/it, lr=1e-5, step_loss=0.125]
Steps:  26%|██▌       | 134/525 [04:03<11:50,  1.82s/it, lr=1e-5, step_loss=0.125]
Steps:  26%|██▌       | 134/525 [04:03<11:50,  1.82s/it, lr=1e-5, step_loss=0.187]
Steps:  26%|██▌       | 135/525 [04:04<11:48,  1.82s/it, lr=1e-5, step_loss=0.187]
Steps:  26%|██▌       | 135/525 [04:04<11:48,  1.82s/it, lr=1e-5, step_loss=0.0772]
Steps:  26%|██▌       | 136/525 [04:06<11:47,  1.82s/it, lr=1e-5, step_loss=0.0772]
Steps:  26%|██▌       | 136/525 [04:06<11:47,  1.82s/it, lr=1e-5, step_loss=0.0795]
Steps:  26%|██▌       | 137/525 [04:08<11:46,  1.82s/it, lr=1e-5, step_loss=0.0795]
Steps:  26%|██▌       | 137/525 [04:08<11:46,  1.82s/it, lr=1e-5, step_loss=0.115] 
Steps:  26%|██▋       | 138/525 [04:10<11:43,  1.82s/it, lr=1e-5, step_loss=0.115]
Steps:  26%|██▋       | 138/525 [04:10<11:43,  1.82s/it, lr=1e-5, step_loss=0.156]
Steps:  26%|██▋       | 139/525 [04:12<11:41,  1.82s/it, lr=1e-5, step_loss=0.156]
Steps:  26%|██▋       | 139/525 [04:12<11:41,  1.82s/it, lr=1e-5, step_loss=0.0524]
Steps:  27%|██▋       | 140/525 [04:13<11:37,  1.81s/it, lr=1e-5, step_loss=0.0524]
Steps:  27%|██▋       | 140/525 [04:14<11:37,  1.81s/it, lr=1e-5, step_loss=0.102] 
Steps:  27%|██▋       | 141/525 [04:15<11:43,  1.83s/it, lr=1e-5, step_loss=0.102]
Steps:  27%|██▋       | 141/525 [04:15<11:43,  1.83s/it, lr=1e-5, step_loss=0.105]
Steps:  27%|██▋       | 142/525 [04:17<11:39,  1.83s/it, lr=1e-5, step_loss=0.105]
Steps:  27%|██▋       | 142/525 [04:17<11:39,  1.83s/it, lr=1e-5, step_loss=0.134]
Steps:  27%|██▋       | 143/525 [04:19<11:37,  1.83s/it, lr=1e-5, step_loss=0.134]
Steps:  27%|██▋       | 143/525 [04:19<11:37,  1.83s/it, lr=1e-5, step_loss=0.138]
Steps:  27%|██▋       | 144/525 [04:21<11:32,  1.82s/it, lr=1e-5, step_loss=0.138]
Steps:  27%|██▋       | 144/525 [04:21<11:32,  1.82s/it, lr=1e-5, step_loss=0.137]
Steps:  28%|██▊       | 145/525 [04:23<11:31,  1.82s/it, lr=1e-5, step_loss=0.137]
Steps:  28%|██▊       | 145/525 [04:23<11:31,  1.82s/it, lr=1e-5, step_loss=0.217]
Steps:  28%|██▊       | 146/525 [04:24<11:29,  1.82s/it, lr=1e-5, step_loss=0.217]
Steps:  28%|██▊       | 146/525 [04:24<11:29,  1.82s/it, lr=1e-5, step_loss=0.148]
Steps:  28%|██▊       | 147/525 [04:26<11:26,  1.82s/it, lr=1e-5, step_loss=0.148]
Steps:  28%|██▊       | 147/525 [04:26<11:26,  1.82s/it, lr=1e-5, step_loss=0.103]
Steps:  28%|██▊       | 148/525 [04:28<11:25,  1.82s/it, lr=1e-5, step_loss=0.103]
Steps:  28%|██▊       | 148/525 [04:28<11:25,  1.82s/it, lr=1e-5, step_loss=0.222]
Steps:  28%|██▊       | 149/525 [04:30<11:22,  1.82s/it, lr=1e-5, step_loss=0.222]
Steps:  28%|██▊       | 149/525 [04:30<11:22,  1.82s/it, lr=1e-5, step_loss=0.0678]
Steps:  29%|██▊       | 150/525 [04:32<11:20,  1.82s/it, lr=1e-5, step_loss=0.0678]
Steps:  29%|██▊       | 150/525 [04:32<11:20,  1.82s/it, lr=1e-5, step_loss=0.256] 
Steps:  29%|██▉       | 151/525 [04:33<11:20,  1.82s/it, lr=1e-5, step_loss=0.256]
Steps:  29%|██▉       | 151/525 [04:34<11:20,  1.82s/it, lr=1e-5, step_loss=0.087]
Steps:  29%|██▉       | 152/525 [04:35<11:17,  1.82s/it, lr=1e-5, step_loss=0.087]
Steps:  29%|██▉       | 152/525 [04:35<11:17,  1.82s/it, lr=1e-5, step_loss=0.171]
Steps:  29%|██▉       | 153/525 [04:37<11:15,  1.81s/it, lr=1e-5, step_loss=0.171]
Steps:  29%|██▉       | 153/525 [04:37<11:15,  1.81s/it, lr=1e-5, step_loss=0.0768]
Steps:  29%|██▉       | 154/525 [04:39<11:12,  1.81s/it, lr=1e-5, step_loss=0.0768]
Steps:  29%|██▉       | 154/525 [04:39<11:12,  1.81s/it, lr=1e-5, step_loss=0.256] 
Steps:  30%|██▉       | 155/525 [04:41<11:08,  1.81s/it, lr=1e-5, step_loss=0.256]
Steps:  30%|██▉       | 155/525 [04:41<11:08,  1.81s/it, lr=1e-5, step_loss=0.15] 
Steps:  30%|██▉       | 156/525 [04:43<11:06,  1.81s/it, lr=1e-5, step_loss=0.15]
Steps:  30%|██▉       | 156/525 [04:43<11:06,  1.81s/it, lr=1e-5, step_loss=0.143]
Steps:  30%|██▉       | 157/525 [04:44<11:05,  1.81s/it, lr=1e-5, step_loss=0.143]
Steps:  30%|██▉       | 157/525 [04:44<11:05,  1.81s/it, lr=1e-5, step_loss=0.124]
Steps:  30%|███       | 158/525 [04:46<11:04,  1.81s/it, lr=1e-5, step_loss=0.124]
Steps:  30%|███       | 158/525 [04:46<11:04,  1.81s/it, lr=1e-5, step_loss=0.144]
Steps:  30%|███       | 159/525 [04:48<11:01,  1.81s/it, lr=1e-5, step_loss=0.144]
Steps:  30%|███       | 159/525 [04:48<11:01,  1.81s/it, lr=1e-5, step_loss=0.122]
Steps:  30%|███       | 160/525 [04:50<11:01,  1.81s/it, lr=1e-5, step_loss=0.122]
Steps:  30%|███       | 160/525 [04:50<11:01,  1.81s/it, lr=1e-5, step_loss=0.152]
Steps:  31%|███       | 161/525 [04:52<11:00,  1.82s/it, lr=1e-5, step_loss=0.152]
Steps:  31%|███       | 161/525 [04:52<11:00,  1.82s/it, lr=1e-5, step_loss=0.103]
Steps:  31%|███       | 162/525 [04:53<10:57,  1.81s/it, lr=1e-5, step_loss=0.103]
Steps:  31%|███       | 162/525 [04:53<10:57,  1.81s/it, lr=1e-5, step_loss=0.102]
Steps:  31%|███       | 163/525 [04:55<10:55,  1.81s/it, lr=1e-5, step_loss=0.102]
Steps:  31%|███       | 163/525 [04:55<10:55,  1.81s/it, lr=1e-5, step_loss=0.0547]
Steps:  31%|███       | 164/525 [04:57<10:55,  1.81s/it, lr=1e-5, step_loss=0.0547]
Steps:  31%|███       | 164/525 [04:57<10:55,  1.81s/it, lr=1e-5, step_loss=0.114] 
Steps:  31%|███▏      | 165/525 [04:59<10:53,  1.81s/it, lr=1e-5, step_loss=0.114]
Steps:  31%|███▏      | 165/525 [04:59<10:53,  1.81s/it, lr=1e-5, step_loss=0.0868]
Steps:  32%|███▏      | 166/525 [05:01<10:52,  1.82s/it, lr=1e-5, step_loss=0.0868]
Steps:  32%|███▏      | 166/525 [05:01<10:52,  1.82s/it, lr=1e-5, step_loss=0.102] 
Steps:  32%|███▏      | 167/525 [05:02<10:51,  1.82s/it, lr=1e-5, step_loss=0.102]
Steps:  32%|███▏      | 167/525 [05:03<10:51,  1.82s/it, lr=1e-5, step_loss=0.0668]
Steps:  32%|███▏      | 168/525 [05:04<10:49,  1.82s/it, lr=1e-5, step_loss=0.0668]
Steps:  32%|███▏      | 168/525 [05:04<10:49,  1.82s/it, lr=1e-5, step_loss=0.137] 
Steps:  32%|███▏      | 169/525 [05:06<10:47,  1.82s/it, lr=1e-5, step_loss=0.137]
Steps:  32%|███▏      | 169/525 [05:06<10:47,  1.82s/it, lr=1e-5, step_loss=0.115]
Steps:  32%|███▏      | 170/525 [05:08<10:44,  1.82s/it, lr=1e-5, step_loss=0.115]
Steps:  32%|███▏      | 170/525 [05:08<10:44,  1.82s/it, lr=1e-5, step_loss=0.0764]
Steps:  33%|███▎      | 171/525 [05:10<10:43,  1.82s/it, lr=1e-5, step_loss=0.0764]
Steps:  33%|███▎      | 171/525 [05:10<10:43,  1.82s/it, lr=1e-5, step_loss=0.11]  
Steps:  33%|███▎      | 172/525 [05:12<10:41,  1.82s/it, lr=1e-5, step_loss=0.11]
Steps:  33%|███▎      | 172/525 [05:12<10:41,  1.82s/it, lr=1e-5, step_loss=0.142]
Steps:  33%|███▎      | 173/525 [05:13<10:38,  1.82s/it, lr=1e-5, step_loss=0.142]
Steps:  33%|███▎      | 173/525 [05:13<10:38,  1.82s/it, lr=1e-5, step_loss=0.191]
Steps:  33%|███▎      | 174/525 [05:15<10:36,  1.81s/it, lr=1e-5, step_loss=0.191]
Steps:  33%|███▎      | 174/525 [05:15<10:36,  1.81s/it, lr=1e-5, step_loss=0.173]
Steps:  33%|███▎      | 175/525 [05:17<10:30,  1.80s/it, lr=1e-5, step_loss=0.173]
Steps:  33%|███▎      | 175/525 [05:17<10:30,  1.80s/it, lr=1e-5, step_loss=0.123]
Steps:  34%|███▎      | 176/525 [05:19<10:37,  1.83s/it, lr=1e-5, step_loss=0.123]
Steps:  34%|███▎      | 176/525 [05:19<10:37,  1.83s/it, lr=1e-5, step_loss=0.0307]
Steps:  34%|███▎      | 177/525 [05:21<10:34,  1.82s/it, lr=1e-5, step_loss=0.0307]
Steps:  34%|███▎      | 177/525 [05:21<10:34,  1.82s/it, lr=1e-5, step_loss=0.155] 
Steps:  34%|███▍      | 178/525 [05:22<10:32,  1.82s/it, lr=1e-5, step_loss=0.155]
Steps:  34%|███▍      | 178/525 [05:23<10:32,  1.82s/it, lr=1e-5, step_loss=0.115]
Steps:  34%|███▍      | 179/525 [05:24<10:30,  1.82s/it, lr=1e-5, step_loss=0.115]
Steps:  34%|███▍      | 179/525 [05:24<10:30,  1.82s/it, lr=1e-5, step_loss=0.137]
Steps:  34%|███▍      | 180/525 [05:26<10:28,  1.82s/it, lr=1e-5, step_loss=0.137]
Steps:  34%|███▍      | 180/525 [05:26<10:28,  1.82s/it, lr=1e-5, step_loss=0.114]
Steps:  34%|███▍      | 181/525 [05:28<10:25,  1.82s/it, lr=1e-5, step_loss=0.114]
Steps:  34%|███▍      | 181/525 [05:28<10:25,  1.82s/it, lr=1e-5, step_loss=0.127]
Steps:  35%|███▍      | 182/525 [05:30<10:23,  1.82s/it, lr=1e-5, step_loss=0.127]
Steps:  35%|███▍      | 182/525 [05:30<10:23,  1.82s/it, lr=1e-5, step_loss=0.0805]
Steps:  35%|███▍      | 183/525 [05:32<10:22,  1.82s/it, lr=1e-5, step_loss=0.0805]
Steps:  35%|███▍      | 183/525 [05:32<10:22,  1.82s/it, lr=1e-5, step_loss=0.172] 
Steps:  35%|███▌      | 184/525 [05:33<10:18,  1.81s/it, lr=1e-5, step_loss=0.172]
Steps:  35%|███▌      | 184/525 [05:33<10:18,  1.81s/it, lr=1e-5, step_loss=0.103]
Steps:  35%|███▌      | 185/525 [05:35<10:17,  1.81s/it, lr=1e-5, step_loss=0.103]
Steps:  35%|███▌      | 185/525 [05:35<10:17,  1.81s/it, lr=1e-5, step_loss=0.129]
Steps:  35%|███▌      | 186/525 [05:37<10:16,  1.82s/it, lr=1e-5, step_loss=0.129]
Steps:  35%|███▌      | 186/525 [05:37<10:16,  1.82s/it, lr=1e-5, step_loss=0.226]
Steps:  36%|███▌      | 187/525 [05:39<10:13,  1.81s/it, lr=1e-5, step_loss=0.226]
Steps:  36%|███▌      | 187/525 [05:39<10:13,  1.81s/it, lr=1e-5, step_loss=0.107]
Steps:  36%|███▌      | 188/525 [05:41<10:11,  1.81s/it, lr=1e-5, step_loss=0.107]
Steps:  36%|███▌      | 188/525 [05:41<10:11,  1.81s/it, lr=1e-5, step_loss=0.116]
Steps:  36%|███▌      | 189/525 [05:42<10:09,  1.81s/it, lr=1e-5, step_loss=0.116]
Steps:  36%|███▌      | 189/525 [05:43<10:09,  1.81s/it, lr=1e-5, step_loss=0.173]
Steps:  36%|███▌      | 190/525 [05:44<10:09,  1.82s/it, lr=1e-5, step_loss=0.173]
Steps:  36%|███▌      | 190/525 [05:44<10:09,  1.82s/it, lr=1e-5, step_loss=0.129]
Steps:  36%|███▋      | 191/525 [05:46<10:06,  1.81s/it, lr=1e-5, step_loss=0.129]
Steps:  36%|███▋      | 191/525 [05:46<10:06,  1.81s/it, lr=1e-5, step_loss=0.145]
Steps:  37%|███▋      | 192/525 [05:48<10:05,  1.82s/it, lr=1e-5, step_loss=0.145]
Steps:  37%|███▋      | 192/525 [05:48<10:05,  1.82s/it, lr=1e-5, step_loss=0.19] 
Steps:  37%|███▋      | 193/525 [05:50<10:01,  1.81s/it, lr=1e-5, step_loss=0.19]
Steps:  37%|███▋      | 193/525 [05:50<10:01,  1.81s/it, lr=1e-5, step_loss=0.184]
Steps:  37%|███▋      | 194/525 [05:52<09:58,  1.81s/it, lr=1e-5, step_loss=0.184]
Steps:  37%|███▋      | 194/525 [05:52<09:58,  1.81s/it, lr=1e-5, step_loss=0.155]
Steps:  37%|███▋      | 195/525 [05:53<09:57,  1.81s/it, lr=1e-5, step_loss=0.155]
Steps:  37%|███▋      | 195/525 [05:53<09:57,  1.81s/it, lr=1e-5, step_loss=0.152]
Steps:  37%|███▋      | 196/525 [05:55<09:55,  1.81s/it, lr=1e-5, step_loss=0.152]
Steps:  37%|███▋      | 196/525 [05:55<09:55,  1.81s/it, lr=1e-5, step_loss=0.0772]
Steps:  38%|███▊      | 197/525 [05:57<09:53,  1.81s/it, lr=1e-5, step_loss=0.0772]
Steps:  38%|███▊      | 197/525 [05:57<09:53,  1.81s/it, lr=1e-5, step_loss=0.154] 
Steps:  38%|███▊      | 198/525 [05:59<09:52,  1.81s/it, lr=1e-5, step_loss=0.154]
Steps:  38%|███▊      | 198/525 [05:59<09:52,  1.81s/it, lr=1e-5, step_loss=0.0368]
Steps:  38%|███▊      | 199/525 [06:01<09:52,  1.82s/it, lr=1e-5, step_loss=0.0368]
Steps:  38%|███▊      | 199/525 [06:01<09:52,  1.82s/it, lr=1e-5, step_loss=0.168] 
Steps:  38%|███▊      | 200/525 [06:02<09:49,  1.81s/it, lr=1e-5, step_loss=0.168]
Steps:  38%|███▊      | 200/525 [06:02<09:49,  1.81s/it, lr=1e-5, step_loss=0.16] 
Steps:  38%|███▊      | 201/525 [06:04<09:47,  1.81s/it, lr=1e-5, step_loss=0.16]
Steps:  38%|███▊      | 201/525 [06:04<09:47,  1.81s/it, lr=1e-5, step_loss=0.214]
Steps:  38%|███▊      | 202/525 [06:06<09:46,  1.81s/it, lr=1e-5, step_loss=0.214]
Steps:  38%|███▊      | 202/525 [06:06<09:46,  1.81s/it, lr=1e-5, step_loss=0.139]
Steps:  39%|███▊      | 203/525 [06:08<09:44,  1.82s/it, lr=1e-5, step_loss=0.139]
Steps:  39%|███▊      | 203/525 [06:08<09:44,  1.82s/it, lr=1e-5, step_loss=0.205]
Steps:  39%|███▉      | 204/525 [06:10<09:41,  1.81s/it, lr=1e-5, step_loss=0.205]
Steps:  39%|███▉      | 204/525 [06:10<09:41,  1.81s/it, lr=1e-5, step_loss=0.154]
Steps:  39%|███▉      | 205/525 [06:11<09:40,  1.81s/it, lr=1e-5, step_loss=0.154]
Steps:  39%|███▉      | 205/525 [06:12<09:40,  1.81s/it, lr=1e-5, step_loss=0.178]
Steps:  39%|███▉      | 206/525 [06:13<09:36,  1.81s/it, lr=1e-5, step_loss=0.178]
Steps:  39%|███▉      | 206/525 [06:13<09:36,  1.81s/it, lr=1e-5, step_loss=0.183]
Steps:  39%|███▉      | 207/525 [06:15<09:36,  1.81s/it, lr=1e-5, step_loss=0.183]
Steps:  39%|███▉      | 207/525 [06:15<09:36,  1.81s/it, lr=1e-5, step_loss=0.0838]
Steps:  40%|███▉      | 208/525 [06:17<09:34,  1.81s/it, lr=1e-5, step_loss=0.0838]
Steps:  40%|███▉      | 208/525 [06:17<09:34,  1.81s/it, lr=1e-5, step_loss=0.0848]
Steps:  40%|███▉      | 209/525 [06:19<09:34,  1.82s/it, lr=1e-5, step_loss=0.0848]
Steps:  40%|███▉      | 209/525 [06:19<09:34,  1.82s/it, lr=1e-5, step_loss=0.0782]
Steps:  40%|████      | 210/525 [06:20<09:28,  1.80s/it, lr=1e-5, step_loss=0.0782]
Steps:  40%|████      | 210/525 [06:21<09:28,  1.80s/it, lr=1e-5, step_loss=0.104] 
Steps:  40%|████      | 211/525 [06:22<09:32,  1.82s/it, lr=1e-5, step_loss=0.104]
Steps:  40%|████      | 211/525 [06:22<09:32,  1.82s/it, lr=1e-5, step_loss=0.188]
Steps:  40%|████      | 212/525 [06:24<09:31,  1.83s/it, lr=1e-5, step_loss=0.188]
Steps:  40%|████      | 212/525 [06:24<09:31,  1.83s/it, lr=1e-5, step_loss=0.144]
Steps:  41%|████      | 213/525 [06:26<09:27,  1.82s/it, lr=1e-5, step_loss=0.144]
Steps:  41%|████      | 213/525 [06:26<09:27,  1.82s/it, lr=1e-5, step_loss=0.13] 
Steps:  41%|████      | 214/525 [06:28<09:24,  1.82s/it, lr=1e-5, step_loss=0.13]
Steps:  41%|████      | 214/525 [06:28<09:24,  1.82s/it, lr=1e-5, step_loss=0.0739]
Steps:  41%|████      | 215/525 [06:30<09:21,  1.81s/it, lr=1e-5, step_loss=0.0739]
Steps:  41%|████      | 215/525 [06:30<09:21,  1.81s/it, lr=1e-5, step_loss=0.126] 
Steps:  41%|████      | 216/525 [06:31<09:19,  1.81s/it, lr=1e-5, step_loss=0.126]
Steps:  41%|████      | 216/525 [06:31<09:19,  1.81s/it, lr=1e-5, step_loss=0.173]
Steps:  41%|████▏     | 217/525 [06:33<09:18,  1.81s/it, lr=1e-5, step_loss=0.173]
Steps:  41%|████▏     | 217/525 [06:33<09:18,  1.81s/it, lr=1e-5, step_loss=0.0605]
Steps:  42%|████▏     | 218/525 [06:35<09:17,  1.81s/it, lr=1e-5, step_loss=0.0605]
Steps:  42%|████▏     | 218/525 [06:35<09:17,  1.81s/it, lr=1e-5, step_loss=0.14]  
Steps:  42%|████▏     | 219/525 [06:37<09:15,  1.82s/it, lr=1e-5, step_loss=0.14]
Steps:  42%|████▏     | 219/525 [06:37<09:15,  1.82s/it, lr=1e-5, step_loss=0.143]
Steps:  42%|████▏     | 220/525 [06:39<09:13,  1.82s/it, lr=1e-5, step_loss=0.143]
Steps:  42%|████▏     | 220/525 [06:39<09:13,  1.82s/it, lr=1e-5, step_loss=0.113]
Steps:  42%|████▏     | 221/525 [06:40<09:11,  1.81s/it, lr=1e-5, step_loss=0.113]
Steps:  42%|████▏     | 221/525 [06:41<09:11,  1.81s/it, lr=1e-5, step_loss=0.0614]
Steps:  42%|████▏     | 222/525 [06:42<09:10,  1.82s/it, lr=1e-5, step_loss=0.0614]
Steps:  42%|████▏     | 222/525 [06:42<09:10,  1.82s/it, lr=1e-5, step_loss=0.171] 
Steps:  42%|████▏     | 223/525 [06:44<09:27,  1.88s/it, lr=1e-5, step_loss=0.171]
Steps:  42%|████▏     | 223/525 [06:44<09:27,  1.88s/it, lr=1e-5, step_loss=0.193]
Steps:  43%|████▎     | 224/525 [06:46<09:09,  1.83s/it, lr=1e-5, step_loss=0.193]
Steps:  43%|████▎     | 224/525 [06:46<09:09,  1.83s/it, lr=1e-5, step_loss=0.151]
Steps:  43%|████▎     | 225/525 [06:48<09:08,  1.83s/it, lr=1e-5, step_loss=0.151]
Steps:  43%|████▎     | 225/525 [06:48<09:08,  1.83s/it, lr=1e-5, step_loss=0.208]
Steps:  43%|████▎     | 226/525 [06:50<09:05,  1.83s/it, lr=1e-5, step_loss=0.208]
Steps:  43%|████▎     | 226/525 [06:50<09:05,  1.83s/it, lr=1e-5, step_loss=0.16] 
Steps:  43%|████▎     | 227/525 [06:52<09:02,  1.82s/it, lr=1e-5, step_loss=0.16]
Steps:  43%|████▎     | 227/525 [06:52<09:02,  1.82s/it, lr=1e-5, step_loss=0.141]
Steps:  43%|████▎     | 228/525 [06:53<09:00,  1.82s/it, lr=1e-5, step_loss=0.141]
Steps:  43%|████▎     | 228/525 [06:53<09:00,  1.82s/it, lr=1e-5, step_loss=0.104]
Steps:  44%|████▎     | 229/525 [06:55<08:59,  1.82s/it, lr=1e-5, step_loss=0.104]
Steps:  44%|████▎     | 229/525 [06:55<08:59,  1.82s/it, lr=1e-5, step_loss=0.0909]
Steps:  44%|████▍     | 230/525 [06:57<08:56,  1.82s/it, lr=1e-5, step_loss=0.0909]
Steps:  44%|████▍     | 230/525 [06:57<08:56,  1.82s/it, lr=1e-5, step_loss=0.152] 
Steps:  44%|████▍     | 231/525 [06:59<08:54,  1.82s/it, lr=1e-5, step_loss=0.152]
Steps:  44%|████▍     | 231/525 [06:59<08:54,  1.82s/it, lr=1e-5, step_loss=0.0694]
Steps:  44%|████▍     | 232/525 [07:01<08:53,  1.82s/it, lr=1e-5, step_loss=0.0694]
Steps:  44%|████▍     | 232/525 [07:01<08:53,  1.82s/it, lr=1e-5, step_loss=0.18]  
Steps:  44%|████▍     | 233/525 [07:02<08:50,  1.82s/it, lr=1e-5, step_loss=0.18]
Steps:  44%|████▍     | 233/525 [07:03<08:50,  1.82s/it, lr=1e-5, step_loss=0.121]
Steps:  45%|████▍     | 234/525 [07:04<08:49,  1.82s/it, lr=1e-5, step_loss=0.121]
Steps:  45%|████▍     | 234/525 [07:04<08:49,  1.82s/it, lr=1e-5, step_loss=0.184]
Steps:  45%|████▍     | 235/525 [07:06<08:47,  1.82s/it, lr=1e-5, step_loss=0.184]
Steps:  45%|████▍     | 235/525 [07:06<08:47,  1.82s/it, lr=1e-5, step_loss=0.162]
Steps:  45%|████▍     | 236/525 [07:08<08:44,  1.82s/it, lr=1e-5, step_loss=0.162]
Steps:  45%|████▍     | 236/525 [07:08<08:44,  1.82s/it, lr=1e-5, step_loss=0.115]
Steps:  45%|████▌     | 237/525 [07:10<08:42,  1.81s/it, lr=1e-5, step_loss=0.115]
Steps:  45%|████▌     | 237/525 [07:10<08:42,  1.81s/it, lr=1e-5, step_loss=0.108]
Steps:  45%|████▌     | 238/525 [07:11<08:40,  1.81s/it, lr=1e-5, step_loss=0.108]
Steps:  45%|████▌     | 238/525 [07:12<08:40,  1.81s/it, lr=1e-5, step_loss=0.17] 
Steps:  46%|████▌     | 239/525 [07:13<08:38,  1.81s/it, lr=1e-5, step_loss=0.17]
Steps:  46%|████▌     | 239/525 [07:13<08:38,  1.81s/it, lr=1e-5, step_loss=0.0921]
Steps:  46%|████▌     | 240/525 [07:15<08:36,  1.81s/it, lr=1e-5, step_loss=0.0921]
Steps:  46%|████▌     | 240/525 [07:15<08:36,  1.81s/it, lr=1e-5, step_loss=0.126] 
Steps:  46%|████▌     | 241/525 [07:17<08:35,  1.81s/it, lr=1e-5, step_loss=0.126]
Steps:  46%|████▌     | 241/525 [07:17<08:35,  1.81s/it, lr=1e-5, step_loss=0.132]
Steps:  46%|████▌     | 242/525 [07:19<08:33,  1.82s/it, lr=1e-5, step_loss=0.132]
Steps:  46%|████▌     | 242/525 [07:19<08:33,  1.82s/it, lr=1e-5, step_loss=0.0784]
Steps:  46%|████▋     | 243/525 [07:21<08:31,  1.81s/it, lr=1e-5, step_loss=0.0784]
Steps:  46%|████▋     | 243/525 [07:21<08:31,  1.81s/it, lr=1e-5, step_loss=0.199] 
Steps:  46%|████▋     | 244/525 [07:22<08:29,  1.81s/it, lr=1e-5, step_loss=0.199]
Steps:  46%|████▋     | 244/525 [07:22<08:29,  1.81s/it, lr=1e-5, step_loss=0.0869]
Steps:  47%|████▋     | 245/525 [07:24<08:23,  1.80s/it, lr=1e-5, step_loss=0.0869]
Steps:  47%|████▋     | 245/525 [07:24<08:23,  1.80s/it, lr=1e-5, step_loss=0.168] 
Steps:  47%|████▋     | 246/525 [07:26<08:28,  1.82s/it, lr=1e-5, step_loss=0.168]
Steps:  47%|████▋     | 246/525 [07:26<08:28,  1.82s/it, lr=1e-5, step_loss=0.123]
Steps:  47%|████▋     | 247/525 [07:28<08:26,  1.82s/it, lr=1e-5, step_loss=0.123]
Steps:  47%|████▋     | 247/525 [07:28<08:26,  1.82s/it, lr=1e-5, step_loss=0.169]
Steps:  47%|████▋     | 248/525 [07:30<08:23,  1.82s/it, lr=1e-5, step_loss=0.169]
Steps:  47%|████▋     | 248/525 [07:30<08:23,  1.82s/it, lr=1e-5, step_loss=0.181]
Steps:  47%|████▋     | 249/525 [07:31<08:21,  1.82s/it, lr=1e-5, step_loss=0.181]
Steps:  47%|████▋     | 249/525 [07:32<08:21,  1.82s/it, lr=1e-5, step_loss=0.236]
Steps:  48%|████▊     | 250/525 [07:33<08:20,  1.82s/it, lr=1e-5, step_loss=0.236]
Steps:  48%|████▊     | 250/525 [07:33<08:20,  1.82s/it, lr=1e-5, step_loss=0.139]
Steps:  48%|████▊     | 251/525 [07:35<08:17,  1.82s/it, lr=1e-5, step_loss=0.139]
Steps:  48%|████▊     | 251/525 [07:35<08:17,  1.82s/it, lr=1e-5, step_loss=0.138]
Steps:  48%|████▊     | 252/525 [07:37<08:14,  1.81s/it, lr=1e-5, step_loss=0.138]
Steps:  48%|████▊     | 252/525 [07:37<08:14,  1.81s/it, lr=1e-5, step_loss=0.157]
Steps:  48%|████▊     | 253/525 [07:39<08:13,  1.81s/it, lr=1e-5, step_loss=0.157]
Steps:  48%|████▊     | 253/525 [07:39<08:13,  1.81s/it, lr=1e-5, step_loss=0.109]
Steps:  48%|████▊     | 254/525 [07:41<08:09,  1.81s/it, lr=1e-5, step_loss=0.109]
Steps:  48%|████▊     | 254/525 [07:41<08:09,  1.81s/it, lr=1e-5, step_loss=0.116]
Steps:  49%|████▊     | 255/525 [07:42<08:07,  1.81s/it, lr=1e-5, step_loss=0.116]
Steps:  49%|████▊     | 255/525 [07:42<08:07,  1.81s/it, lr=1e-5, step_loss=0.0949]
Steps:  49%|████▉     | 256/525 [07:44<08:06,  1.81s/it, lr=1e-5, step_loss=0.0949]
Steps:  49%|████▉     | 256/525 [07:44<08:06,  1.81s/it, lr=1e-5, step_loss=0.117] 
Steps:  49%|████▉     | 257/525 [07:46<08:04,  1.81s/it, lr=1e-5, step_loss=0.117]
Steps:  49%|████▉     | 257/525 [07:46<08:04,  1.81s/it, lr=1e-5, step_loss=0.0857]
Steps:  49%|████▉     | 258/525 [07:48<08:03,  1.81s/it, lr=1e-5, step_loss=0.0857]
Steps:  49%|████▉     | 258/525 [07:48<08:03,  1.81s/it, lr=1e-5, step_loss=0.163] 
Steps:  49%|████▉     | 259/525 [07:50<08:01,  1.81s/it, lr=1e-5, step_loss=0.163]
Steps:  49%|████▉     | 259/525 [07:50<08:01,  1.81s/it, lr=1e-5, step_loss=0.0971]
Steps:  50%|████▉     | 260/525 [07:51<07:59,  1.81s/it, lr=1e-5, step_loss=0.0971]
Steps:  50%|████▉     | 260/525 [07:51<07:59,  1.81s/it, lr=1e-5, step_loss=0.226] 
Steps:  50%|████▉     | 261/525 [07:53<07:58,  1.81s/it, lr=1e-5, step_loss=0.226]
Steps:  50%|████▉     | 261/525 [07:53<07:58,  1.81s/it, lr=1e-5, step_loss=0.125]
Steps:  50%|████▉     | 262/525 [07:55<07:55,  1.81s/it, lr=1e-5, step_loss=0.125]
Steps:  50%|████▉     | 262/525 [07:55<07:55,  1.81s/it, lr=1e-5, step_loss=0.0928]
Steps:  50%|█████     | 263/525 [07:57<07:54,  1.81s/it, lr=1e-5, step_loss=0.0928]
Steps:  50%|█████     | 263/525 [07:57<07:54,  1.81s/it, lr=1e-5, step_loss=0.0663]
Steps:  50%|█████     | 264/525 [07:59<07:53,  1.81s/it, lr=1e-5, step_loss=0.0663]
Steps:  50%|█████     | 264/525 [07:59<07:53,  1.81s/it, lr=1e-5, step_loss=0.191] 
Steps:  50%|█████     | 265/525 [08:00<07:50,  1.81s/it, lr=1e-5, step_loss=0.191]
Steps:  50%|█████     | 265/525 [08:01<07:50,  1.81s/it, lr=1e-5, step_loss=0.113]
Steps:  51%|█████     | 266/525 [08:02<07:49,  1.81s/it, lr=1e-5, step_loss=0.113]
Steps:  51%|█████     | 266/525 [08:02<07:49,  1.81s/it, lr=1e-5, step_loss=0.168]
Steps:  51%|█████     | 267/525 [08:04<07:47,  1.81s/it, lr=1e-5, step_loss=0.168]
Steps:  51%|█████     | 267/525 [08:04<07:47,  1.81s/it, lr=1e-5, step_loss=0.127]
Steps:  51%|█████     | 268/525 [08:06<07:44,  1.81s/it, lr=1e-5, step_loss=0.127]
Steps:  51%|█████     | 268/525 [08:06<07:44,  1.81s/it, lr=1e-5, step_loss=0.0394]
Steps:  51%|█████     | 269/525 [08:08<07:43,  1.81s/it, lr=1e-5, step_loss=0.0394]
Steps:  51%|█████     | 269/525 [08:08<07:43,  1.81s/it, lr=1e-5, step_loss=0.101] 
Steps:  51%|█████▏    | 270/525 [08:09<07:42,  1.81s/it, lr=1e-5, step_loss=0.101]
Steps:  51%|█████▏    | 270/525 [08:10<07:42,  1.81s/it, lr=1e-5, step_loss=0.163]
Steps:  52%|█████▏    | 271/525 [08:11<07:39,  1.81s/it, lr=1e-5, step_loss=0.163]
Steps:  52%|█████▏    | 271/525 [08:11<07:39,  1.81s/it, lr=1e-5, step_loss=0.139]
Steps:  52%|█████▏    | 272/525 [08:13<07:38,  1.81s/it, lr=1e-5, step_loss=0.139]
Steps:  52%|█████▏    | 272/525 [08:13<07:38,  1.81s/it, lr=1e-5, step_loss=0.186]
Steps:  52%|█████▏    | 273/525 [08:15<07:36,  1.81s/it, lr=1e-5, step_loss=0.186]
Steps:  52%|█████▏    | 273/525 [08:15<07:36,  1.81s/it, lr=1e-5, step_loss=0.198]
Steps:  52%|█████▏    | 274/525 [08:17<07:34,  1.81s/it, lr=1e-5, step_loss=0.198]
Steps:  52%|█████▏    | 274/525 [08:17<07:34,  1.81s/it, lr=1e-5, step_loss=0.102]
Steps:  52%|█████▏    | 275/525 [08:19<07:32,  1.81s/it, lr=1e-5, step_loss=0.102]
Steps:  52%|█████▏    | 275/525 [08:19<07:32,  1.81s/it, lr=1e-5, step_loss=0.118]
Steps:  53%|█████▎    | 276/525 [08:20<07:30,  1.81s/it, lr=1e-5, step_loss=0.118]
Steps:  53%|█████▎    | 276/525 [08:20<07:30,  1.81s/it, lr=1e-5, step_loss=0.0844]
Steps:  53%|█████▎    | 277/525 [08:22<07:30,  1.82s/it, lr=1e-5, step_loss=0.0844]
Steps:  53%|█████▎    | 277/525 [08:22<07:30,  1.82s/it, lr=1e-5, step_loss=0.165] 
Steps:  53%|█████▎    | 278/525 [08:24<07:27,  1.81s/it, lr=1e-5, step_loss=0.165]
Steps:  53%|█████▎    | 278/525 [08:24<07:27,  1.81s/it, lr=1e-5, step_loss=0.0892]
Steps:  53%|█████▎    | 279/525 [08:26<07:24,  1.81s/it, lr=1e-5, step_loss=0.0892]
Steps:  53%|█████▎    | 279/525 [08:26<07:24,  1.81s/it, lr=1e-5, step_loss=0.0875]
Steps:  53%|█████▎    | 280/525 [08:28<07:20,  1.80s/it, lr=1e-5, step_loss=0.0875]
Steps:  53%|█████▎    | 280/525 [08:28<07:20,  1.80s/it, lr=1e-5, step_loss=0.148] 
Steps:  54%|█████▎    | 281/525 [08:29<07:25,  1.82s/it, lr=1e-5, step_loss=0.148]
Steps:  54%|█████▎    | 281/525 [08:30<07:25,  1.82s/it, lr=1e-5, step_loss=0.132]
Steps:  54%|█████▎    | 282/525 [08:31<07:23,  1.82s/it, lr=1e-5, step_loss=0.132]
Steps:  54%|█████▎    | 282/525 [08:31<07:23,  1.82s/it, lr=1e-5, step_loss=0.145]
Steps:  54%|█████▍    | 283/525 [08:33<07:19,  1.82s/it, lr=1e-5, step_loss=0.145]
Steps:  54%|█████▍    | 283/525 [08:33<07:19,  1.82s/it, lr=1e-5, step_loss=0.143]
Steps:  54%|█████▍    | 284/525 [08:35<07:18,  1.82s/it, lr=1e-5, step_loss=0.143]
Steps:  54%|█████▍    | 284/525 [08:35<07:18,  1.82s/it, lr=1e-5, step_loss=0.168]
Steps:  54%|█████▍    | 285/525 [08:37<07:15,  1.81s/it, lr=1e-5, step_loss=0.168]
Steps:  54%|█████▍    | 285/525 [08:37<07:15,  1.81s/it, lr=1e-5, step_loss=0.0412]
Steps:  54%|█████▍    | 286/525 [08:38<07:13,  1.81s/it, lr=1e-5, step_loss=0.0412]
Steps:  54%|█████▍    | 286/525 [08:39<07:13,  1.81s/it, lr=1e-5, step_loss=0.12]  
Steps:  55%|█████▍    | 287/525 [08:40<07:10,  1.81s/it, lr=1e-5, step_loss=0.12]
Steps:  55%|█████▍    | 287/525 [08:40<07:10,  1.81s/it, lr=1e-5, step_loss=0.131]
Steps:  55%|█████▍    | 288/525 [08:42<07:09,  1.81s/it, lr=1e-5, step_loss=0.131]
Steps:  55%|█████▍    | 288/525 [08:42<07:09,  1.81s/it, lr=1e-5, step_loss=0.0992]
Steps:  55%|█████▌    | 289/525 [08:44<07:06,  1.81s/it, lr=1e-5, step_loss=0.0992]
Steps:  55%|█████▌    | 289/525 [08:44<07:06,  1.81s/it, lr=1e-5, step_loss=0.137] 
Steps:  55%|█████▌    | 290/525 [08:46<07:04,  1.81s/it, lr=1e-5, step_loss=0.137]
Steps:  55%|█████▌    | 290/525 [08:46<07:04,  1.81s/it, lr=1e-5, step_loss=0.187]
Steps:  55%|█████▌    | 291/525 [08:48<07:02,  1.81s/it, lr=1e-5, step_loss=0.187]
Steps:  55%|█████▌    | 291/525 [08:48<07:02,  1.81s/it, lr=1e-5, step_loss=0.11] 
Steps:  56%|█████▌    | 292/525 [08:49<07:01,  1.81s/it, lr=1e-5, step_loss=0.11]
Steps:  56%|█████▌    | 292/525 [08:49<07:01,  1.81s/it, lr=1e-5, step_loss=0.0872]
Steps:  56%|█████▌    | 293/525 [08:51<07:00,  1.81s/it, lr=1e-5, step_loss=0.0872]
Steps:  56%|█████▌    | 293/525 [08:51<07:00,  1.81s/it, lr=1e-5, step_loss=0.0928]
Steps:  56%|█████▌    | 294/525 [08:53<06:58,  1.81s/it, lr=1e-5, step_loss=0.0928]
Steps:  56%|█████▌    | 294/525 [08:53<06:58,  1.81s/it, lr=1e-5, step_loss=0.118] 
Steps:  56%|█████▌    | 295/525 [08:55<06:55,  1.81s/it, lr=1e-5, step_loss=0.118]
Steps:  56%|█████▌    | 295/525 [08:55<06:55,  1.81s/it, lr=1e-5, step_loss=0.188]
Steps:  56%|█████▋    | 296/525 [08:57<06:54,  1.81s/it, lr=1e-5, step_loss=0.188]
Steps:  56%|█████▋    | 296/525 [08:57<06:54,  1.81s/it, lr=1e-5, step_loss=0.108]
Steps:  57%|█████▋    | 297/525 [08:58<06:52,  1.81s/it, lr=1e-5, step_loss=0.108]
Steps:  57%|█████▋    | 297/525 [08:58<06:52,  1.81s/it, lr=1e-5, step_loss=0.0364]
Steps:  57%|█████▋    | 298/525 [09:00<06:50,  1.81s/it, lr=1e-5, step_loss=0.0364]
Steps:  57%|█████▋    | 298/525 [09:00<06:50,  1.81s/it, lr=1e-5, step_loss=0.17]  
Steps:  57%|█████▋    | 299/525 [09:02<06:48,  1.81s/it, lr=1e-5, step_loss=0.17]
Steps:  57%|█████▋    | 299/525 [09:02<06:48,  1.81s/it, lr=1e-5, step_loss=0.149]
Steps:  57%|█████▋    | 300/525 [09:04<06:46,  1.81s/it, lr=1e-5, step_loss=0.149]
Steps:  57%|█████▋    | 300/525 [09:04<06:46,  1.81s/it, lr=1e-5, step_loss=0.114]
Steps:  57%|█████▋    | 301/525 [09:06<06:45,  1.81s/it, lr=1e-5, step_loss=0.114]
Steps:  57%|█████▋    | 301/525 [09:06<06:45,  1.81s/it, lr=1e-5, step_loss=0.164]
Steps:  58%|█████▊    | 302/525 [09:07<06:43,  1.81s/it, lr=1e-5, step_loss=0.164]
Steps:  58%|█████▊    | 302/525 [09:08<06:43,  1.81s/it, lr=1e-5, step_loss=0.128]
Steps:  58%|█████▊    | 303/525 [09:09<06:41,  1.81s/it, lr=1e-5, step_loss=0.128]
Steps:  58%|█████▊    | 303/525 [09:09<06:41,  1.81s/it, lr=1e-5, step_loss=0.0724]
Steps:  58%|█████▊    | 304/525 [09:11<06:39,  1.81s/it, lr=1e-5, step_loss=0.0724]
Steps:  58%|█████▊    | 304/525 [09:11<06:39,  1.81s/it, lr=1e-5, step_loss=0.139] 
Steps:  58%|█████▊    | 305/525 [09:13<06:37,  1.81s/it, lr=1e-5, step_loss=0.139]
Steps:  58%|█████▊    | 305/525 [09:13<06:37,  1.81s/it, lr=1e-5, step_loss=0.0577]
Steps:  58%|█████▊    | 306/525 [09:15<06:36,  1.81s/it, lr=1e-5, step_loss=0.0577]
Steps:  58%|█████▊    | 306/525 [09:15<06:36,  1.81s/it, lr=1e-5, step_loss=0.159] 
Steps:  58%|█████▊    | 307/525 [09:16<06:34,  1.81s/it, lr=1e-5, step_loss=0.159]
Steps:  58%|█████▊    | 307/525 [09:17<06:34,  1.81s/it, lr=1e-5, step_loss=0.18] 
Steps:  59%|█████▊    | 308/525 [09:18<06:32,  1.81s/it, lr=1e-5, step_loss=0.18]
Steps:  59%|█████▊    | 308/525 [09:18<06:32,  1.81s/it, lr=1e-5, step_loss=0.219]
Steps:  59%|█████▉    | 309/525 [09:20<06:30,  1.81s/it, lr=1e-5, step_loss=0.219]
Steps:  59%|█████▉    | 309/525 [09:20<06:30,  1.81s/it, lr=1e-5, step_loss=0.158]
Steps:  59%|█████▉    | 310/525 [09:22<06:29,  1.81s/it, lr=1e-5, step_loss=0.158]
Steps:  59%|█████▉    | 310/525 [09:22<06:29,  1.81s/it, lr=1e-5, step_loss=0.0568]
Steps:  59%|█████▉    | 311/525 [09:24<06:27,  1.81s/it, lr=1e-5, step_loss=0.0568]
Steps:  59%|█████▉    | 311/525 [09:24<06:27,  1.81s/it, lr=1e-5, step_loss=0.12]  
Steps:  59%|█████▉    | 312/525 [09:26<06:25,  1.81s/it, lr=1e-5, step_loss=0.12]
Steps:  59%|█████▉    | 312/525 [09:26<06:25,  1.81s/it, lr=1e-5, step_loss=0.0968]
Steps:  60%|█████▉    | 313/525 [09:27<06:23,  1.81s/it, lr=1e-5, step_loss=0.0968]
Steps:  60%|█████▉    | 313/525 [09:27<06:23,  1.81s/it, lr=1e-5, step_loss=0.0995]
Steps:  60%|█████▉    | 314/525 [09:29<06:22,  1.81s/it, lr=1e-5, step_loss=0.0995]
Steps:  60%|█████▉    | 314/525 [09:29<06:22,  1.81s/it, lr=1e-5, step_loss=0.119] 
Steps:  60%|██████    | 315/525 [09:31<06:16,  1.79s/it, lr=1e-5, step_loss=0.119]
Steps:  60%|██████    | 315/525 [09:31<06:16,  1.79s/it, lr=1e-5, step_loss=0.116]
Steps:  60%|██████    | 316/525 [09:33<06:21,  1.82s/it, lr=1e-5, step_loss=0.116]
Steps:  60%|██████    | 316/525 [09:33<06:21,  1.82s/it, lr=1e-5, step_loss=0.184]
Steps:  60%|██████    | 317/525 [09:35<06:18,  1.82s/it, lr=1e-5, step_loss=0.184]
Steps:  60%|██████    | 317/525 [09:35<06:18,  1.82s/it, lr=1e-5, step_loss=0.0936]
Steps:  61%|██████    | 318/525 [09:36<06:16,  1.82s/it, lr=1e-5, step_loss=0.0936]
Steps:  61%|██████    | 318/525 [09:36<06:16,  1.82s/it, lr=1e-5, step_loss=0.0942]
Steps:  61%|██████    | 319/525 [09:38<06:14,  1.82s/it, lr=1e-5, step_loss=0.0942]
Steps:  61%|██████    | 319/525 [09:38<06:14,  1.82s/it, lr=1e-5, step_loss=0.162] 
Steps:  61%|██████    | 320/525 [09:40<06:11,  1.81s/it, lr=1e-5, step_loss=0.162]
Steps:  61%|██████    | 320/525 [09:40<06:11,  1.81s/it, lr=1e-5, step_loss=0.169]
Steps:  61%|██████    | 321/525 [09:42<06:10,  1.81s/it, lr=1e-5, step_loss=0.169]
Steps:  61%|██████    | 321/525 [09:42<06:10,  1.81s/it, lr=1e-5, step_loss=0.15] 
Steps:  61%|██████▏   | 322/525 [09:44<06:07,  1.81s/it, lr=1e-5, step_loss=0.15]
Steps:  61%|██████▏   | 322/525 [09:44<06:07,  1.81s/it, lr=1e-5, step_loss=0.0845]
Steps:  62%|██████▏   | 323/525 [09:45<06:05,  1.81s/it, lr=1e-5, step_loss=0.0845]
Steps:  62%|██████▏   | 323/525 [09:46<06:05,  1.81s/it, lr=1e-5, step_loss=0.0855]
Steps:  62%|██████▏   | 324/525 [09:47<06:05,  1.82s/it, lr=1e-5, step_loss=0.0855]
Steps:  62%|██████▏   | 324/525 [09:47<06:05,  1.82s/it, lr=1e-5, step_loss=0.0799]
Steps:  62%|██████▏   | 325/525 [09:49<06:03,  1.82s/it, lr=1e-5, step_loss=0.0799]
Steps:  62%|██████▏   | 325/525 [09:49<06:03,  1.82s/it, lr=1e-5, step_loss=0.0577]
Steps:  62%|██████▏   | 326/525 [09:51<06:01,  1.82s/it, lr=1e-5, step_loss=0.0577]
Steps:  62%|██████▏   | 326/525 [09:51<06:01,  1.82s/it, lr=1e-5, step_loss=0.118] 
Steps:  62%|██████▏   | 327/525 [09:53<05:59,  1.82s/it, lr=1e-5, step_loss=0.118]
Steps:  62%|██████▏   | 327/525 [09:53<05:59,  1.82s/it, lr=1e-5, step_loss=0.2]  
Steps:  62%|██████▏   | 328/525 [09:55<05:57,  1.81s/it, lr=1e-5, step_loss=0.2]
Steps:  62%|██████▏   | 328/525 [09:55<05:57,  1.81s/it, lr=1e-5, step_loss=0.2]
Steps:  63%|██████▎   | 329/525 [09:56<05:55,  1.82s/it, lr=1e-5, step_loss=0.2]
Steps:  63%|██████▎   | 329/525 [09:56<05:55,  1.82s/it, lr=1e-5, step_loss=0.0842]
Steps:  63%|██████▎   | 330/525 [09:58<05:54,  1.82s/it, lr=1e-5, step_loss=0.0842]
Steps:  63%|██████▎   | 330/525 [09:58<05:54,  1.82s/it, lr=1e-5, step_loss=0.164] 
Steps:  63%|██████▎   | 331/525 [10:00<05:51,  1.81s/it, lr=1e-5, step_loss=0.164]
Steps:  63%|██████▎   | 331/525 [10:00<05:51,  1.81s/it, lr=1e-5, step_loss=0.137]
Steps:  63%|██████▎   | 332/525 [10:02<05:50,  1.82s/it, lr=1e-5, step_loss=0.137]
Steps:  63%|██████▎   | 332/525 [10:02<05:50,  1.82s/it, lr=1e-5, step_loss=0.173]
Steps:  63%|██████▎   | 333/525 [10:04<05:48,  1.82s/it, lr=1e-5, step_loss=0.173]
Steps:  63%|██████▎   | 333/525 [10:04<05:48,  1.82s/it, lr=1e-5, step_loss=0.12] 
Steps:  64%|██████▎   | 334/525 [10:05<05:46,  1.82s/it, lr=1e-5, step_loss=0.12]
Steps:  64%|██████▎   | 334/525 [10:06<05:46,  1.82s/it, lr=1e-5, step_loss=0.12]
Steps:  64%|██████▍   | 335/525 [10:07<05:44,  1.82s/it, lr=1e-5, step_loss=0.12]
Steps:  64%|██████▍   | 335/525 [10:07<05:44,  1.82s/it, lr=1e-5, step_loss=0.189]
Steps:  64%|██████▍   | 336/525 [10:09<05:42,  1.81s/it, lr=1e-5, step_loss=0.189]
Steps:  64%|██████▍   | 336/525 [10:09<05:42,  1.81s/it, lr=1e-5, step_loss=0.16] 
Steps:  64%|██████▍   | 337/525 [10:11<05:41,  1.82s/it, lr=1e-5, step_loss=0.16]
Steps:  64%|██████▍   | 337/525 [10:11<05:41,  1.82s/it, lr=1e-5, step_loss=0.106]
Steps:  64%|██████▍   | 338/525 [10:13<05:39,  1.82s/it, lr=1e-5, step_loss=0.106]
Steps:  64%|██████▍   | 338/525 [10:13<05:39,  1.82s/it, lr=1e-5, step_loss=0.158]
Steps:  65%|██████▍   | 339/525 [10:15<05:38,  1.82s/it, lr=1e-5, step_loss=0.158]
Steps:  65%|██████▍   | 339/525 [10:15<05:38,  1.82s/it, lr=1e-5, step_loss=0.105]
Steps:  65%|██████▍   | 340/525 [10:16<05:35,  1.82s/it, lr=1e-5, step_loss=0.105]
Steps:  65%|██████▍   | 340/525 [10:16<05:35,  1.82s/it, lr=1e-5, step_loss=0.113]
Steps:  65%|██████▍   | 341/525 [10:18<05:33,  1.81s/it, lr=1e-5, step_loss=0.113]
Steps:  65%|██████▍   | 341/525 [10:18<05:33,  1.81s/it, lr=1e-5, step_loss=0.0687]
Steps:  65%|██████▌   | 342/525 [10:20<05:32,  1.82s/it, lr=1e-5, step_loss=0.0687]
Steps:  65%|██████▌   | 342/525 [10:20<05:32,  1.82s/it, lr=1e-5, step_loss=0.137] 
Steps:  65%|██████▌   | 343/525 [10:22<05:30,  1.81s/it, lr=1e-5, step_loss=0.137]
Steps:  65%|██████▌   | 343/525 [10:22<05:30,  1.81s/it, lr=1e-5, step_loss=0.0965]
Steps:  66%|██████▌   | 344/525 [10:24<05:28,  1.81s/it, lr=1e-5, step_loss=0.0965]
Steps:  66%|██████▌   | 344/525 [10:24<05:28,  1.81s/it, lr=1e-5, step_loss=0.08]  
Steps:  66%|██████▌   | 345/525 [10:25<05:28,  1.83s/it, lr=1e-5, step_loss=0.08]
Steps:  66%|██████▌   | 345/525 [10:26<05:28,  1.83s/it, lr=1e-5, step_loss=0.12]
Steps:  66%|██████▌   | 346/525 [10:27<05:26,  1.82s/it, lr=1e-5, step_loss=0.12]
Steps:  66%|██████▌   | 346/525 [10:27<05:26,  1.82s/it, lr=1e-5, step_loss=0.0998]
Steps:  66%|██████▌   | 347/525 [10:29<05:24,  1.82s/it, lr=1e-5, step_loss=0.0998]
Steps:  66%|██████▌   | 347/525 [10:29<05:24,  1.82s/it, lr=1e-5, step_loss=0.134] 
Steps:  66%|██████▋   | 348/525 [10:31<05:22,  1.82s/it, lr=1e-5, step_loss=0.134]
Steps:  66%|██████▋   | 348/525 [10:31<05:22,  1.82s/it, lr=1e-5, step_loss=0.111]
Steps:  66%|██████▋   | 349/525 [10:33<05:19,  1.82s/it, lr=1e-5, step_loss=0.111]
Steps:  66%|██████▋   | 349/525 [10:33<05:19,  1.82s/it, lr=1e-5, step_loss=0.134]
Steps:  67%|██████▋   | 350/525 [10:34<05:14,  1.80s/it, lr=1e-5, step_loss=0.134]
Steps:  67%|██████▋   | 350/525 [10:35<05:14,  1.80s/it, lr=1e-5, step_loss=0.0974]
Steps:  67%|██████▋   | 351/525 [10:36<05:18,  1.83s/it, lr=1e-5, step_loss=0.0974]
Steps:  67%|██████▋   | 351/525 [10:36<05:18,  1.83s/it, lr=1e-5, step_loss=0.164] 
Steps:  67%|██████▋   | 352/525 [10:38<05:15,  1.83s/it, lr=1e-5, step_loss=0.164]
Steps:  67%|██████▋   | 352/525 [10:38<05:15,  1.83s/it, lr=1e-5, step_loss=0.15] 
Steps:  67%|██████▋   | 353/525 [10:40<05:13,  1.82s/it, lr=1e-5, step_loss=0.15]
Steps:  67%|██████▋   | 353/525 [10:40<05:13,  1.82s/it, lr=1e-5, step_loss=0.142]
Steps:  67%|██████▋   | 354/525 [10:42<05:10,  1.82s/it, lr=1e-5, step_loss=0.142]
Steps:  67%|██████▋   | 354/525 [10:42<05:10,  1.82s/it, lr=1e-5, step_loss=0.0385]
Steps:  68%|██████▊   | 355/525 [10:44<05:09,  1.82s/it, lr=1e-5, step_loss=0.0385]
Steps:  68%|██████▊   | 355/525 [10:44<05:09,  1.82s/it, lr=1e-5, step_loss=0.157] 
Steps:  68%|██████▊   | 356/525 [10:45<05:07,  1.82s/it, lr=1e-5, step_loss=0.157]
Steps:  68%|██████▊   | 356/525 [10:46<05:07,  1.82s/it, lr=1e-5, step_loss=0.0921]
Steps:  68%|██████▊   | 357/525 [10:47<05:04,  1.81s/it, lr=1e-5, step_loss=0.0921]
Steps:  68%|██████▊   | 357/525 [10:47<05:04,  1.81s/it, lr=1e-5, step_loss=0.167] 
Steps:  68%|██████▊   | 358/525 [10:49<05:02,  1.81s/it, lr=1e-5, step_loss=0.167]
Steps:  68%|██████▊   | 358/525 [10:49<05:02,  1.81s/it, lr=1e-5, step_loss=0.0937]
Steps:  68%|██████▊   | 359/525 [10:51<05:00,  1.81s/it, lr=1e-5, step_loss=0.0937]
Steps:  68%|██████▊   | 359/525 [10:51<05:00,  1.81s/it, lr=1e-5, step_loss=0.081] 
Steps:  69%|██████▊   | 360/525 [10:53<04:59,  1.82s/it, lr=1e-5, step_loss=0.081]
Steps:  69%|██████▊   | 360/525 [10:53<04:59,  1.82s/it, lr=1e-5, step_loss=0.145]
Steps:  69%|██████▉   | 361/525 [10:54<04:57,  1.82s/it, lr=1e-5, step_loss=0.145]
Steps:  69%|██████▉   | 361/525 [10:55<04:57,  1.82s/it, lr=1e-5, step_loss=0.141]
Steps:  69%|██████▉   | 362/525 [10:56<04:56,  1.82s/it, lr=1e-5, step_loss=0.141]
Steps:  69%|██████▉   | 362/525 [10:56<04:56,  1.82s/it, lr=1e-5, step_loss=0.129]
Steps:  69%|██████▉   | 363/525 [10:58<04:54,  1.82s/it, lr=1e-5, step_loss=0.129]
Steps:  69%|██████▉   | 363/525 [10:58<04:54,  1.82s/it, lr=1e-5, step_loss=0.164]
Steps:  69%|██████▉   | 364/525 [11:00<04:52,  1.82s/it, lr=1e-5, step_loss=0.164]
Steps:  69%|██████▉   | 364/525 [11:00<04:52,  1.82s/it, lr=1e-5, step_loss=0.156]
Steps:  70%|██████▉   | 365/525 [11:02<04:50,  1.82s/it, lr=1e-5, step_loss=0.156]
Steps:  70%|██████▉   | 365/525 [11:02<04:50,  1.82s/it, lr=1e-5, step_loss=0.103]
Steps:  70%|██████▉   | 366/525 [11:04<04:48,  1.82s/it, lr=1e-5, step_loss=0.103]
Steps:  70%|██████▉   | 366/525 [11:04<04:48,  1.82s/it, lr=1e-5, step_loss=0.0521]
Steps:  70%|██████▉   | 367/525 [11:05<04:47,  1.82s/it, lr=1e-5, step_loss=0.0521]
Steps:  70%|██████▉   | 367/525 [11:05<04:47,  1.82s/it, lr=1e-5, step_loss=0.0742]
Steps:  70%|███████   | 368/525 [11:07<04:45,  1.82s/it, lr=1e-5, step_loss=0.0742]
Steps:  70%|███████   | 368/525 [11:07<04:45,  1.82s/it, lr=1e-5, step_loss=0.185] 
Steps:  70%|███████   | 369/525 [11:09<04:43,  1.82s/it, lr=1e-5, step_loss=0.185]
Steps:  70%|███████   | 369/525 [11:09<04:43,  1.82s/it, lr=1e-5, step_loss=0.149]
Steps:  70%|███████   | 370/525 [11:11<04:41,  1.82s/it, lr=1e-5, step_loss=0.149]
Steps:  70%|███████   | 370/525 [11:11<04:41,  1.82s/it, lr=1e-5, step_loss=0.124]
Steps:  71%|███████   | 371/525 [11:13<04:40,  1.82s/it, lr=1e-5, step_loss=0.124]
Steps:  71%|███████   | 371/525 [11:13<04:40,  1.82s/it, lr=1e-5, step_loss=0.0809]
Steps:  71%|███████   | 372/525 [11:14<04:37,  1.81s/it, lr=1e-5, step_loss=0.0809]
Steps:  71%|███████   | 372/525 [11:15<04:37,  1.81s/it, lr=1e-5, step_loss=0.14]  
Steps:  71%|███████   | 373/525 [11:16<04:35,  1.81s/it, lr=1e-5, step_loss=0.14]
Steps:  71%|███████   | 373/525 [11:16<04:35,  1.81s/it, lr=1e-5, step_loss=0.172]
Steps:  71%|███████   | 374/525 [11:18<04:34,  1.82s/it, lr=1e-5, step_loss=0.172]
Steps:  71%|███████   | 374/525 [11:18<04:34,  1.82s/it, lr=1e-5, step_loss=0.0488]
Steps:  71%|███████▏  | 375/525 [11:20<04:32,  1.82s/it, lr=1e-5, step_loss=0.0488]
Steps:  71%|███████▏  | 375/525 [11:20<04:32,  1.82s/it, lr=1e-5, step_loss=0.114] 
Steps:  72%|███████▏  | 376/525 [11:22<04:31,  1.82s/it, lr=1e-5, step_loss=0.114]
Steps:  72%|███████▏  | 376/525 [11:22<04:31,  1.82s/it, lr=1e-5, step_loss=0.158]
Steps:  72%|███████▏  | 377/525 [11:24<04:29,  1.82s/it, lr=1e-5, step_loss=0.158]
Steps:  72%|███████▏  | 377/525 [11:24<04:29,  1.82s/it, lr=1e-5, step_loss=0.164]
Steps:  72%|███████▏  | 378/525 [11:25<04:27,  1.82s/it, lr=1e-5, step_loss=0.164]
Steps:  72%|███████▏  | 378/525 [11:25<04:27,  1.82s/it, lr=1e-5, step_loss=0.214]
Steps:  72%|███████▏  | 379/525 [11:27<04:25,  1.82s/it, lr=1e-5, step_loss=0.214]
Steps:  72%|███████▏  | 379/525 [11:27<04:25,  1.82s/it, lr=1e-5, step_loss=0.188]
Steps:  72%|███████▏  | 380/525 [11:29<04:23,  1.82s/it, lr=1e-5, step_loss=0.188]
Steps:  72%|███████▏  | 380/525 [11:29<04:23,  1.82s/it, lr=1e-5, step_loss=0.128]
Steps:  73%|███████▎  | 381/525 [11:31<04:21,  1.82s/it, lr=1e-5, step_loss=0.128]
Steps:  73%|███████▎  | 381/525 [11:31<04:21,  1.82s/it, lr=1e-5, step_loss=0.132]
Steps:  73%|███████▎  | 382/525 [11:33<04:19,  1.81s/it, lr=1e-5, step_loss=0.132]
Steps:  73%|███████▎  | 382/525 [11:33<04:19,  1.81s/it, lr=1e-5, step_loss=0.0313]
Steps:  73%|███████▎  | 383/525 [11:34<04:17,  1.81s/it, lr=1e-5, step_loss=0.0313]
Steps:  73%|███████▎  | 383/525 [11:35<04:17,  1.81s/it, lr=1e-5, step_loss=0.167] 
Steps:  73%|███████▎  | 384/525 [11:36<04:15,  1.82s/it, lr=1e-5, step_loss=0.167]
Steps:  73%|███████▎  | 384/525 [11:36<04:15,  1.82s/it, lr=1e-5, step_loss=0.142]
Steps:  73%|███████▎  | 385/525 [11:38<04:12,  1.80s/it, lr=1e-5, step_loss=0.142]
Steps:  73%|███████▎  | 385/525 [11:38<04:12,  1.80s/it, lr=1e-5, step_loss=0.116]
Steps:  74%|███████▎  | 386/525 [11:40<04:14,  1.83s/it, lr=1e-5, step_loss=0.116]
Steps:  74%|███████▎  | 386/525 [11:40<04:14,  1.83s/it, lr=1e-5, step_loss=0.16] 
Steps:  74%|███████▎  | 387/525 [11:42<04:12,  1.83s/it, lr=1e-5, step_loss=0.16]
Steps:  74%|███████▎  | 387/525 [11:42<04:12,  1.83s/it, lr=1e-5, step_loss=0.135]
Steps:  74%|███████▍  | 388/525 [11:44<04:10,  1.83s/it, lr=1e-5, step_loss=0.135]
Steps:  74%|███████▍  | 388/525 [11:44<04:10,  1.83s/it, lr=1e-5, step_loss=0.225]
Steps:  74%|███████▍  | 389/525 [11:45<04:07,  1.82s/it, lr=1e-5, step_loss=0.225]
Steps:  74%|███████▍  | 389/525 [11:45<04:07,  1.82s/it, lr=1e-5, step_loss=0.11] 
Steps:  74%|███████▍  | 390/525 [11:47<04:05,  1.82s/it, lr=1e-5, step_loss=0.11]
Steps:  74%|███████▍  | 390/525 [11:47<04:05,  1.82s/it, lr=1e-5, step_loss=0.154]
Steps:  74%|███████▍  | 391/525 [11:49<04:02,  1.81s/it, lr=1e-5, step_loss=0.154]
Steps:  74%|███████▍  | 391/525 [11:49<04:02,  1.81s/it, lr=1e-5, step_loss=0.148]
Steps:  75%|███████▍  | 392/525 [11:51<04:01,  1.81s/it, lr=1e-5, step_loss=0.148]
Steps:  75%|███████▍  | 392/525 [11:51<04:01,  1.81s/it, lr=1e-5, step_loss=0.0741]
Steps:  75%|███████▍  | 393/525 [11:53<03:59,  1.82s/it, lr=1e-5, step_loss=0.0741]
Steps:  75%|███████▍  | 393/525 [11:53<03:59,  1.82s/it, lr=1e-5, step_loss=0.103] 
Steps:  75%|███████▌  | 394/525 [11:54<03:57,  1.81s/it, lr=1e-5, step_loss=0.103]
Steps:  75%|███████▌  | 394/525 [11:55<03:57,  1.81s/it, lr=1e-5, step_loss=0.118]
Steps:  75%|███████▌  | 395/525 [11:56<03:55,  1.81s/it, lr=1e-5, step_loss=0.118]
Steps:  75%|███████▌  | 395/525 [11:56<03:55,  1.81s/it, lr=1e-5, step_loss=0.096]
Steps:  75%|███████▌  | 396/525 [11:58<03:53,  1.81s/it, lr=1e-5, step_loss=0.096]
Steps:  75%|███████▌  | 396/525 [11:58<03:53,  1.81s/it, lr=1e-5, step_loss=0.246]
Steps:  76%|███████▌  | 397/525 [12:00<03:51,  1.81s/it, lr=1e-5, step_loss=0.246]
Steps:  76%|███████▌  | 397/525 [12:00<03:51,  1.81s/it, lr=1e-5, step_loss=0.125]
Steps:  76%|███████▌  | 398/525 [12:02<03:49,  1.81s/it, lr=1e-5, step_loss=0.125]
Steps:  76%|███████▌  | 398/525 [12:02<03:49,  1.81s/it, lr=1e-5, step_loss=0.111]
Steps:  76%|███████▌  | 399/525 [12:04<03:48,  1.81s/it, lr=1e-5, step_loss=0.111]
Steps:  76%|███████▌  | 399/525 [12:04<03:48,  1.81s/it, lr=1e-5, step_loss=0.114]
Steps:  76%|███████▌  | 400/525 [12:05<03:46,  1.81s/it, lr=1e-5, step_loss=0.114]
Steps:  76%|███████▌  | 400/525 [12:05<03:46,  1.81s/it, lr=1e-5, step_loss=0.162]
Steps:  76%|███████▋  | 401/525 [12:07<03:44,  1.81s/it, lr=1e-5, step_loss=0.162]
Steps:  76%|███████▋  | 401/525 [12:07<03:44,  1.81s/it, lr=1e-5, step_loss=0.133]
Steps:  77%|███████▋  | 402/525 [12:09<03:42,  1.81s/it, lr=1e-5, step_loss=0.133]
Steps:  77%|███████▋  | 402/525 [12:09<03:42,  1.81s/it, lr=1e-5, step_loss=0.184]
Steps:  77%|███████▋  | 403/525 [12:11<03:40,  1.81s/it, lr=1e-5, step_loss=0.184]
Steps:  77%|███████▋  | 403/525 [12:11<03:40,  1.81s/it, lr=1e-5, step_loss=0.18] 
Steps:  77%|███████▋  | 404/525 [12:13<03:39,  1.81s/it, lr=1e-5, step_loss=0.18]
Steps:  77%|███████▋  | 404/525 [12:13<03:39,  1.81s/it, lr=1e-5, step_loss=0.0707]
Steps:  77%|███████▋  | 405/525 [12:14<03:37,  1.81s/it, lr=1e-5, step_loss=0.0707]
Steps:  77%|███████▋  | 405/525 [12:14<03:37,  1.81s/it, lr=1e-5, step_loss=0.0604]
Steps:  77%|███████▋  | 406/525 [12:16<03:35,  1.81s/it, lr=1e-5, step_loss=0.0604]
Steps:  77%|███████▋  | 406/525 [12:16<03:35,  1.81s/it, lr=1e-5, step_loss=0.133] 
Steps:  78%|███████▊  | 407/525 [12:18<03:33,  1.81s/it, lr=1e-5, step_loss=0.133]
Steps:  78%|███████▊  | 407/525 [12:18<03:33,  1.81s/it, lr=1e-5, step_loss=0.123]
Steps:  78%|███████▊  | 408/525 [12:20<03:32,  1.81s/it, lr=1e-5, step_loss=0.123]
Steps:  78%|███████▊  | 408/525 [12:20<03:32,  1.81s/it, lr=1e-5, step_loss=0.136]
Steps:  78%|███████▊  | 409/525 [12:22<03:29,  1.81s/it, lr=1e-5, step_loss=0.136]
Steps:  78%|███████▊  | 409/525 [12:22<03:29,  1.81s/it, lr=1e-5, step_loss=0.129]
Steps:  78%|███████▊  | 410/525 [12:23<03:28,  1.81s/it, lr=1e-5, step_loss=0.129]
Steps:  78%|███████▊  | 410/525 [12:24<03:28,  1.81s/it, lr=1e-5, step_loss=0.0231]
Steps:  78%|███████▊  | 411/525 [12:25<03:26,  1.81s/it, lr=1e-5, step_loss=0.0231]
Steps:  78%|███████▊  | 411/525 [12:25<03:26,  1.81s/it, lr=1e-5, step_loss=0.127] 
Steps:  78%|███████▊  | 412/525 [12:27<03:24,  1.81s/it, lr=1e-5, step_loss=0.127]
Steps:  78%|███████▊  | 412/525 [12:27<03:24,  1.81s/it, lr=1e-5, step_loss=0.159]
Steps:  79%|███████▊  | 413/525 [12:29<03:22,  1.81s/it, lr=1e-5, step_loss=0.159]
Steps:  79%|███████▊  | 413/525 [12:29<03:22,  1.81s/it, lr=1e-5, step_loss=0.176]
Steps:  79%|███████▉  | 414/525 [12:31<03:21,  1.81s/it, lr=1e-5, step_loss=0.176]
Steps:  79%|███████▉  | 414/525 [12:31<03:21,  1.81s/it, lr=1e-5, step_loss=0.133]
Steps:  79%|███████▉  | 415/525 [12:33<03:19,  1.81s/it, lr=1e-5, step_loss=0.133]
Steps:  79%|███████▉  | 415/525 [12:33<03:19,  1.81s/it, lr=1e-5, step_loss=0.107]
Steps:  79%|███████▉  | 416/525 [12:34<03:17,  1.82s/it, lr=1e-5, step_loss=0.107]
Steps:  79%|███████▉  | 416/525 [12:34<03:17,  1.82s/it, lr=1e-5, step_loss=0.0742]
Steps:  79%|███████▉  | 417/525 [12:36<03:16,  1.82s/it, lr=1e-5, step_loss=0.0742]
Steps:  79%|███████▉  | 417/525 [12:36<03:16,  1.82s/it, lr=1e-5, step_loss=0.206] 
Steps:  80%|███████▉  | 418/525 [12:38<03:14,  1.82s/it, lr=1e-5, step_loss=0.206]
Steps:  80%|███████▉  | 418/525 [12:38<03:14,  1.82s/it, lr=1e-5, step_loss=0.148]
Steps:  80%|███████▉  | 419/525 [12:40<03:12,  1.82s/it, lr=1e-5, step_loss=0.148]
Steps:  80%|███████▉  | 419/525 [12:40<03:12,  1.82s/it, lr=1e-5, step_loss=0.108]
Steps:  80%|████████  | 420/525 [12:42<03:09,  1.80s/it, lr=1e-5, step_loss=0.108]
Steps:  80%|████████  | 420/525 [12:42<03:09,  1.80s/it, lr=1e-5, step_loss=0.149]
Steps:  80%|████████  | 421/525 [12:43<03:11,  1.84s/it, lr=1e-5, step_loss=0.149]
Steps:  80%|████████  | 421/525 [12:44<03:11,  1.84s/it, lr=1e-5, step_loss=0.161]
Steps:  80%|████████  | 422/525 [12:45<03:09,  1.84s/it, lr=1e-5, step_loss=0.161]
Steps:  80%|████████  | 422/525 [12:45<03:09,  1.84s/it, lr=1e-5, step_loss=0.177]
Steps:  81%|████████  | 423/525 [12:47<03:07,  1.84s/it, lr=1e-5, step_loss=0.177]
Steps:  81%|████████  | 423/525 [12:47<03:07,  1.84s/it, lr=1e-5, step_loss=0.15] 
Steps:  81%|████████  | 424/525 [12:49<03:05,  1.84s/it, lr=1e-5, step_loss=0.15]
Steps:  81%|████████  | 424/525 [12:49<03:05,  1.84s/it, lr=1e-5, step_loss=0.0579]
Steps:  81%|████████  | 425/525 [12:51<03:03,  1.83s/it, lr=1e-5, step_loss=0.0579]
Steps:  81%|████████  | 425/525 [12:51<03:03,  1.83s/it, lr=1e-5, step_loss=0.166] 
Steps:  81%|████████  | 426/525 [12:53<03:01,  1.83s/it, lr=1e-5, step_loss=0.166]
Steps:  81%|████████  | 426/525 [12:53<03:01,  1.83s/it, lr=1e-5, step_loss=0.137]
Steps:  81%|████████▏ | 427/525 [12:54<02:59,  1.83s/it, lr=1e-5, step_loss=0.137]
Steps:  81%|████████▏ | 427/525 [12:55<02:59,  1.83s/it, lr=1e-5, step_loss=0.16] 
Steps:  82%|████████▏ | 428/525 [12:56<02:57,  1.83s/it, lr=1e-5, step_loss=0.16]
Steps:  82%|████████▏ | 428/525 [12:56<02:57,  1.83s/it, lr=1e-5, step_loss=0.152]
Steps:  82%|████████▏ | 429/525 [12:58<02:55,  1.83s/it, lr=1e-5, step_loss=0.152]
Steps:  82%|████████▏ | 429/525 [12:58<02:55,  1.83s/it, lr=1e-5, step_loss=0.137]
Steps:  82%|████████▏ | 430/525 [13:00<02:53,  1.83s/it, lr=1e-5, step_loss=0.137]
Steps:  82%|████████▏ | 430/525 [13:00<02:53,  1.83s/it, lr=1e-5, step_loss=0.17] 
Steps:  82%|████████▏ | 431/525 [13:02<02:51,  1.83s/it, lr=1e-5, step_loss=0.17]
Steps:  82%|████████▏ | 431/525 [13:02<02:51,  1.83s/it, lr=1e-5, step_loss=0.128]
Steps:  82%|████████▏ | 432/525 [13:04<02:49,  1.83s/it, lr=1e-5, step_loss=0.128]
Steps:  82%|████████▏ | 432/525 [13:04<02:49,  1.83s/it, lr=1e-5, step_loss=0.172]
Steps:  82%|████████▏ | 433/525 [13:05<02:47,  1.82s/it, lr=1e-5, step_loss=0.172]
Steps:  82%|████████▏ | 433/525 [13:05<02:47,  1.82s/it, lr=1e-5, step_loss=0.122]
Steps:  83%|████████▎ | 434/525 [13:07<02:45,  1.82s/it, lr=1e-5, step_loss=0.122]
Steps:  83%|████████▎ | 434/525 [13:07<02:45,  1.82s/it, lr=1e-5, step_loss=0.0909]
Steps:  83%|████████▎ | 435/525 [13:09<02:44,  1.82s/it, lr=1e-5, step_loss=0.0909]
Steps:  83%|████████▎ | 435/525 [13:09<02:44,  1.82s/it, lr=1e-5, step_loss=0.0881]
Steps:  83%|████████▎ | 436/525 [13:11<02:42,  1.82s/it, lr=1e-5, step_loss=0.0881]
Steps:  83%|████████▎ | 436/525 [13:11<02:42,  1.82s/it, lr=1e-5, step_loss=0.0984]
Steps:  83%|████████▎ | 437/525 [13:13<02:40,  1.82s/it, lr=1e-5, step_loss=0.0984]
Steps:  83%|████████▎ | 437/525 [13:13<02:40,  1.82s/it, lr=1e-5, step_loss=0.195] 
Steps:  83%|████████▎ | 438/525 [13:15<02:38,  1.82s/it, lr=1e-5, step_loss=0.195]
Steps:  83%|████████▎ | 438/525 [13:15<02:38,  1.82s/it, lr=1e-5, step_loss=0.106]
Steps:  84%|████████▎ | 439/525 [13:16<02:36,  1.82s/it, lr=1e-5, step_loss=0.106]
Steps:  84%|████████▎ | 439/525 [13:16<02:36,  1.82s/it, lr=1e-5, step_loss=0.12] 
Steps:  84%|████████▍ | 440/525 [13:18<02:35,  1.82s/it, lr=1e-5, step_loss=0.12]
Steps:  84%|████████▍ | 440/525 [13:18<02:35,  1.82s/it, lr=1e-5, step_loss=0.17]
Steps:  84%|████████▍ | 441/525 [13:20<02:33,  1.82s/it, lr=1e-5, step_loss=0.17]
Steps:  84%|████████▍ | 441/525 [13:20<02:33,  1.82s/it, lr=1e-5, step_loss=0.0742]
Steps:  84%|████████▍ | 442/525 [13:22<02:31,  1.82s/it, lr=1e-5, step_loss=0.0742]
Steps:  84%|████████▍ | 442/525 [13:22<02:31,  1.82s/it, lr=1e-5, step_loss=0.192] 
Steps:  84%|████████▍ | 443/525 [13:24<02:29,  1.82s/it, lr=1e-5, step_loss=0.192]
Steps:  84%|████████▍ | 443/525 [13:24<02:29,  1.82s/it, lr=1e-5, step_loss=0.233]
Steps:  85%|████████▍ | 444/525 [13:25<02:27,  1.82s/it, lr=1e-5, step_loss=0.233]
Steps:  85%|████████▍ | 444/525 [13:26<02:27,  1.82s/it, lr=1e-5, step_loss=0.0978]
Steps:  85%|████████▍ | 445/525 [13:27<02:25,  1.82s/it, lr=1e-5, step_loss=0.0978]
Steps:  85%|████████▍ | 445/525 [13:27<02:25,  1.82s/it, lr=1e-5, step_loss=0.165] 
Steps:  85%|████████▍ | 446/525 [13:29<02:23,  1.82s/it, lr=1e-5, step_loss=0.165]
Steps:  85%|████████▍ | 446/525 [13:29<02:23,  1.82s/it, lr=1e-5, step_loss=0.148]
Steps:  85%|████████▌ | 447/525 [13:31<02:21,  1.82s/it, lr=1e-5, step_loss=0.148]
Steps:  85%|████████▌ | 447/525 [13:31<02:21,  1.82s/it, lr=1e-5, step_loss=0.0671]
Steps:  85%|████████▌ | 448/525 [13:33<02:20,  1.82s/it, lr=1e-5, step_loss=0.0671]
Steps:  85%|████████▌ | 448/525 [13:33<02:20,  1.82s/it, lr=1e-5, step_loss=0.135] 
Steps:  86%|████████▌ | 449/525 [13:35<02:18,  1.82s/it, lr=1e-5, step_loss=0.135]
Steps:  86%|████████▌ | 449/525 [13:35<02:18,  1.82s/it, lr=1e-5, step_loss=0.111]
Steps:  86%|████████▌ | 450/525 [13:36<02:16,  1.82s/it, lr=1e-5, step_loss=0.111]
Steps:  86%|████████▌ | 450/525 [13:36<02:16,  1.82s/it, lr=1e-5, step_loss=0.219]
Steps:  86%|████████▌ | 451/525 [13:38<02:14,  1.82s/it, lr=1e-5, step_loss=0.219]
Steps:  86%|████████▌ | 451/525 [13:38<02:14,  1.82s/it, lr=1e-5, step_loss=0.127]
Steps:  86%|████████▌ | 452/525 [13:40<02:13,  1.82s/it, lr=1e-5, step_loss=0.127]
Steps:  86%|████████▌ | 452/525 [13:40<02:13,  1.82s/it, lr=1e-5, step_loss=0.184]
Steps:  86%|████████▋ | 453/525 [13:42<02:10,  1.82s/it, lr=1e-5, step_loss=0.184]
Steps:  86%|████████▋ | 453/525 [13:42<02:10,  1.82s/it, lr=1e-5, step_loss=0.107]
Steps:  86%|████████▋ | 454/525 [13:44<02:08,  1.82s/it, lr=1e-5, step_loss=0.107]
Steps:  86%|████████▋ | 454/525 [13:44<02:08,  1.82s/it, lr=1e-5, step_loss=0.152]
Steps:  87%|████████▋ | 455/525 [13:45<02:06,  1.80s/it, lr=1e-5, step_loss=0.152]
Steps:  87%|████████▋ | 455/525 [13:45<02:06,  1.80s/it, lr=1e-5, step_loss=0.175]
Steps:  87%|████████▋ | 456/525 [13:47<02:06,  1.83s/it, lr=1e-5, step_loss=0.175]
Steps:  87%|████████▋ | 456/525 [13:47<02:06,  1.83s/it, lr=1e-5, step_loss=0.083]
Steps:  87%|████████▋ | 457/525 [13:49<02:04,  1.84s/it, lr=1e-5, step_loss=0.083]
Steps:  87%|████████▋ | 457/525 [13:49<02:04,  1.84s/it, lr=1e-5, step_loss=0.074]
Steps:  87%|████████▋ | 458/525 [13:51<02:02,  1.83s/it, lr=1e-5, step_loss=0.074]
Steps:  87%|████████▋ | 458/525 [13:51<02:02,  1.83s/it, lr=1e-5, step_loss=0.128]
Steps:  87%|████████▋ | 459/525 [13:53<02:00,  1.83s/it, lr=1e-5, step_loss=0.128]
Steps:  87%|████████▋ | 459/525 [13:53<02:00,  1.83s/it, lr=1e-5, step_loss=0.208]
Steps:  88%|████████▊ | 460/525 [13:55<01:58,  1.83s/it, lr=1e-5, step_loss=0.208]
Steps:  88%|████████▊ | 460/525 [13:55<01:58,  1.83s/it, lr=1e-5, step_loss=0.191]
Steps:  88%|████████▊ | 461/525 [13:56<01:57,  1.83s/it, lr=1e-5, step_loss=0.191]
Steps:  88%|████████▊ | 461/525 [13:57<01:57,  1.83s/it, lr=1e-5, step_loss=0.0792]
Steps:  88%|████████▊ | 462/525 [13:58<01:55,  1.83s/it, lr=1e-5, step_loss=0.0792]
Steps:  88%|████████▊ | 462/525 [13:58<01:55,  1.83s/it, lr=1e-5, step_loss=0.0322]
Steps:  88%|████████▊ | 463/525 [14:00<01:53,  1.83s/it, lr=1e-5, step_loss=0.0322]
Steps:  88%|████████▊ | 463/525 [14:00<01:53,  1.83s/it, lr=1e-5, step_loss=0.0914]
Steps:  88%|████████▊ | 464/525 [14:02<01:51,  1.83s/it, lr=1e-5, step_loss=0.0914]
Steps:  88%|████████▊ | 464/525 [14:02<01:51,  1.83s/it, lr=1e-5, step_loss=0.133] 
Steps:  89%|████████▊ | 465/525 [14:04<01:49,  1.82s/it, lr=1e-5, step_loss=0.133]
Steps:  89%|████████▊ | 465/525 [14:04<01:49,  1.82s/it, lr=1e-5, step_loss=0.0646]
Steps:  89%|████████▉ | 466/525 [14:06<01:47,  1.83s/it, lr=1e-5, step_loss=0.0646]
Steps:  89%|████████▉ | 466/525 [14:06<01:47,  1.83s/it, lr=1e-5, step_loss=0.0839]
Steps:  89%|████████▉ | 467/525 [14:07<01:46,  1.84s/it, lr=1e-5, step_loss=0.0839]
Steps:  89%|████████▉ | 467/525 [14:08<01:46,  1.84s/it, lr=1e-5, step_loss=0.0978]
Steps:  89%|████████▉ | 468/525 [14:09<01:44,  1.83s/it, lr=1e-5, step_loss=0.0978]
Steps:  89%|████████▉ | 468/525 [14:09<01:44,  1.83s/it, lr=1e-5, step_loss=0.119] 
Steps:  89%|████████▉ | 469/525 [14:11<01:43,  1.84s/it, lr=1e-5, step_loss=0.119]
Steps:  89%|████████▉ | 469/525 [14:11<01:43,  1.84s/it, lr=1e-5, step_loss=0.154]
Steps:  90%|████████▉ | 470/525 [14:13<01:40,  1.84s/it, lr=1e-5, step_loss=0.154]
Steps:  90%|████████▉ | 470/525 [14:13<01:40,  1.84s/it, lr=1e-5, step_loss=0.2]  
Steps:  90%|████████▉ | 471/525 [14:15<01:38,  1.83s/it, lr=1e-5, step_loss=0.2]
Steps:  90%|████████▉ | 471/525 [14:15<01:38,  1.83s/it, lr=1e-5, step_loss=0.185]
Steps:  90%|████████▉ | 472/525 [14:17<01:36,  1.83s/it, lr=1e-5, step_loss=0.185]
Steps:  90%|████████▉ | 472/525 [14:17<01:36,  1.83s/it, lr=1e-5, step_loss=0.202]
Steps:  90%|█████████ | 473/525 [14:18<01:34,  1.83s/it, lr=1e-5, step_loss=0.202]
Steps:  90%|█████████ | 473/525 [14:18<01:34,  1.83s/it, lr=1e-5, step_loss=0.0943]
Steps:  90%|█████████ | 474/525 [14:20<01:33,  1.82s/it, lr=1e-5, step_loss=0.0943]
Steps:  90%|█████████ | 474/525 [14:20<01:33,  1.82s/it, lr=1e-5, step_loss=0.112] 
Steps:  90%|█████████ | 475/525 [14:22<01:31,  1.82s/it, lr=1e-5, step_loss=0.112]
Steps:  90%|█████████ | 475/525 [14:22<01:31,  1.82s/it, lr=1e-5, step_loss=0.104]
Steps:  91%|█████████ | 476/525 [14:24<01:29,  1.83s/it, lr=1e-5, step_loss=0.104]
Steps:  91%|█████████ | 476/525 [14:24<01:29,  1.83s/it, lr=1e-5, step_loss=0.0795]
Steps:  91%|█████████ | 477/525 [14:26<01:27,  1.83s/it, lr=1e-5, step_loss=0.0795]
Steps:  91%|█████████ | 477/525 [14:26<01:27,  1.83s/it, lr=1e-5, step_loss=0.14]  
Steps:  91%|█████████ | 478/525 [14:28<01:25,  1.82s/it, lr=1e-5, step_loss=0.14]
Steps:  91%|█████████ | 478/525 [14:28<01:25,  1.82s/it, lr=1e-5, step_loss=0.109]
Steps:  91%|█████████ | 479/525 [14:29<01:23,  1.82s/it, lr=1e-5, step_loss=0.109]
Steps:  91%|█████████ | 479/525 [14:29<01:23,  1.82s/it, lr=1e-5, step_loss=0.124]
Steps:  91%|█████████▏| 480/525 [14:31<01:22,  1.83s/it, lr=1e-5, step_loss=0.124]
Steps:  91%|█████████▏| 480/525 [14:31<01:22,  1.83s/it, lr=1e-5, step_loss=0.111]
Steps:  92%|█████████▏| 481/525 [14:33<01:20,  1.82s/it, lr=1e-5, step_loss=0.111]
Steps:  92%|█████████▏| 481/525 [14:33<01:20,  1.82s/it, lr=1e-5, step_loss=0.168]
Steps:  92%|█████████▏| 482/525 [14:35<01:18,  1.83s/it, lr=1e-5, step_loss=0.168]
Steps:  92%|█████████▏| 482/525 [14:35<01:18,  1.83s/it, lr=1e-5, step_loss=0.251]
Steps:  92%|█████████▏| 483/525 [14:37<01:16,  1.82s/it, lr=1e-5, step_loss=0.251]
Steps:  92%|█████████▏| 483/525 [14:37<01:16,  1.82s/it, lr=1e-5, step_loss=0.144]
Steps:  92%|█████████▏| 484/525 [14:38<01:14,  1.82s/it, lr=1e-5, step_loss=0.144]
Steps:  92%|█████████▏| 484/525 [14:39<01:14,  1.82s/it, lr=1e-5, step_loss=0.0626]
Steps:  92%|█████████▏| 485/525 [14:40<01:12,  1.82s/it, lr=1e-5, step_loss=0.0626]
Steps:  92%|█████████▏| 485/525 [14:40<01:12,  1.82s/it, lr=1e-5, step_loss=0.0841]
Steps:  93%|█████████▎| 486/525 [14:42<01:11,  1.82s/it, lr=1e-5, step_loss=0.0841]
Steps:  93%|█████████▎| 486/525 [14:42<01:11,  1.82s/it, lr=1e-5, step_loss=0.0849]
Steps:  93%|█████████▎| 487/525 [14:44<01:09,  1.82s/it, lr=1e-5, step_loss=0.0849]
Steps:  93%|█████████▎| 487/525 [14:44<01:09,  1.82s/it, lr=1e-5, step_loss=0.109] 
Steps:  93%|█████████▎| 488/525 [14:46<01:07,  1.82s/it, lr=1e-5, step_loss=0.109]
Steps:  93%|█████████▎| 488/525 [14:46<01:07,  1.82s/it, lr=1e-5, step_loss=0.0972]
Steps:  93%|█████████▎| 489/525 [14:48<01:05,  1.82s/it, lr=1e-5, step_loss=0.0972]
Steps:  93%|█████████▎| 489/525 [14:48<01:05,  1.82s/it, lr=1e-5, step_loss=0.192] 
Steps:  93%|█████████▎| 490/525 [14:49<01:03,  1.81s/it, lr=1e-5, step_loss=0.192]
Steps:  93%|█████████▎| 490/525 [14:49<01:03,  1.81s/it, lr=1e-5, step_loss=0.0927]
Steps:  94%|█████████▎| 491/525 [14:51<01:02,  1.83s/it, lr=1e-5, step_loss=0.0927]
Steps:  94%|█████████▎| 491/525 [14:51<01:02,  1.83s/it, lr=1e-5, step_loss=0.171] 
Steps:  94%|█████████▎| 492/525 [14:53<01:00,  1.83s/it, lr=1e-5, step_loss=0.171]
Steps:  94%|█████████▎| 492/525 [14:53<01:00,  1.83s/it, lr=1e-5, step_loss=0.0667]
Steps:  94%|█████████▍| 493/525 [14:55<00:58,  1.83s/it, lr=1e-5, step_loss=0.0667]
Steps:  94%|█████████▍| 493/525 [14:55<00:58,  1.83s/it, lr=1e-5, step_loss=0.141] 
Steps:  94%|█████████▍| 494/525 [14:57<00:56,  1.83s/it, lr=1e-5, step_loss=0.141]
Steps:  94%|█████████▍| 494/525 [14:57<00:56,  1.83s/it, lr=1e-5, step_loss=0.103]
Steps:  94%|█████████▍| 495/525 [14:59<00:54,  1.82s/it, lr=1e-5, step_loss=0.103]
Steps:  94%|█████████▍| 495/525 [14:59<00:54,  1.82s/it, lr=1e-5, step_loss=0.0816]
Steps:  94%|█████████▍| 496/525 [15:00<00:52,  1.83s/it, lr=1e-5, step_loss=0.0816]
Steps:  94%|█████████▍| 496/525 [15:00<00:52,  1.83s/it, lr=1e-5, step_loss=0.117] 
Steps:  95%|█████████▍| 497/525 [15:02<00:51,  1.83s/it, lr=1e-5, step_loss=0.117]
Steps:  95%|█████████▍| 497/525 [15:02<00:51,  1.83s/it, lr=1e-5, step_loss=0.147]
Steps:  95%|█████████▍| 498/525 [15:04<00:49,  1.82s/it, lr=1e-5, step_loss=0.147]
Steps:  95%|█████████▍| 498/525 [15:04<00:49,  1.82s/it, lr=1e-5, step_loss=0.118]
Steps:  95%|█████████▌| 499/525 [15:06<00:47,  1.82s/it, lr=1e-5, step_loss=0.118]
Steps:  95%|█████████▌| 499/525 [15:06<00:47,  1.82s/it, lr=1e-5, step_loss=0.156]
Steps:  95%|█████████▌| 500/525 [15:08<00:45,  1.82s/it, lr=1e-5, step_loss=0.156]11/01/2025 16:52:23 - INFO - accelerate.accelerator - Saving current state to /home/t/tph777/app_backend/train/output/my_model/checkpoint-500
Model weights saved in /home/t/tph777/app_backend/train/output/my_model/checkpoint-500/pytorch_lora_weights.safetensors
11/01/2025 16:52:24 - INFO - accelerate.checkpointing - Optimizer state saved in /home/t/tph777/app_backend/train/output/my_model/checkpoint-500/optimizer.bin
11/01/2025 16:52:24 - INFO - accelerate.checkpointing - Scheduler state saved in /home/t/tph777/app_backend/train/output/my_model/checkpoint-500/scheduler.bin
11/01/2025 16:52:24 - INFO - accelerate.checkpointing - Sampler state for dataloader 0 saved in /home/t/tph777/app_backend/train/output/my_model/checkpoint-500/sampler.bin
11/01/2025 16:52:24 - INFO - accelerate.checkpointing - Random states saved in /home/t/tph777/app_backend/train/output/my_model/checkpoint-500/random_states_0.pkl
11/01/2025 16:52:24 - INFO - __main__ - Saved state to /home/t/tph777/app_backend/train/output/my_model/checkpoint-500

Steps:  95%|█████████▌| 500/525 [15:08<00:45,  1.82s/it, lr=1e-5, step_loss=0.139]
Steps:  95%|█████████▌| 501/525 [15:10<00:45,  1.90s/it, lr=1e-5, step_loss=0.139]
Steps:  95%|█████████▌| 501/525 [15:10<00:45,  1.90s/it, lr=1e-5, step_loss=0.147]
Steps:  96%|█████████▌| 502/525 [15:12<00:43,  1.88s/it, lr=1e-5, step_loss=0.147]
Steps:  96%|█████████▌| 502/525 [15:12<00:43,  1.88s/it, lr=1e-5, step_loss=0.0577]
Steps:  96%|█████████▌| 503/525 [15:13<00:41,  1.86s/it, lr=1e-5, step_loss=0.0577]
Steps:  96%|█████████▌| 503/525 [15:13<00:41,  1.86s/it, lr=1e-5, step_loss=0.177] 
Steps:  96%|█████████▌| 504/525 [15:15<00:38,  1.86s/it, lr=1e-5, step_loss=0.177]
Steps:  96%|█████████▌| 504/525 [15:15<00:38,  1.86s/it, lr=1e-5, step_loss=0.127]
Steps:  96%|█████████▌| 505/525 [15:17<00:36,  1.84s/it, lr=1e-5, step_loss=0.127]
Steps:  96%|█████████▌| 505/525 [15:17<00:36,  1.84s/it, lr=1e-5, step_loss=0.0926]
Steps:  96%|█████████▋| 506/525 [15:19<00:34,  1.83s/it, lr=1e-5, step_loss=0.0926]
Steps:  96%|█████████▋| 506/525 [15:19<00:34,  1.83s/it, lr=1e-5, step_loss=0.164] 
Steps:  97%|█████████▋| 507/525 [15:21<00:32,  1.83s/it, lr=1e-5, step_loss=0.164]
Steps:  97%|█████████▋| 507/525 [15:21<00:32,  1.83s/it, lr=1e-5, step_loss=0.124]
Steps:  97%|█████████▋| 508/525 [15:22<00:31,  1.83s/it, lr=1e-5, step_loss=0.124]
Steps:  97%|█████████▋| 508/525 [15:23<00:31,  1.83s/it, lr=1e-5, step_loss=0.109]
Steps:  97%|█████████▋| 509/525 [15:24<00:29,  1.83s/it, lr=1e-5, step_loss=0.109]
Steps:  97%|█████████▋| 509/525 [15:24<00:29,  1.83s/it, lr=1e-5, step_loss=0.101]
Steps:  97%|█████████▋| 510/525 [15:26<00:27,  1.82s/it, lr=1e-5, step_loss=0.101]
Steps:  97%|█████████▋| 510/525 [15:26<00:27,  1.82s/it, lr=1e-5, step_loss=0.144]
Steps:  97%|█████████▋| 511/525 [15:28<00:25,  1.82s/it, lr=1e-5, step_loss=0.144]
Steps:  97%|█████████▋| 511/525 [15:28<00:25,  1.82s/it, lr=1e-5, step_loss=0.116]
Steps:  98%|█████████▊| 512/525 [15:30<00:23,  1.81s/it, lr=1e-5, step_loss=0.116]
Steps:  98%|█████████▊| 512/525 [15:30<00:23,  1.81s/it, lr=1e-5, step_loss=0.148]
Steps:  98%|█████████▊| 513/525 [15:32<00:21,  1.81s/it, lr=1e-5, step_loss=0.148]
Steps:  98%|█████████▊| 513/525 [15:32<00:21,  1.81s/it, lr=1e-5, step_loss=0.149]
Steps:  98%|█████████▊| 514/525 [15:33<00:19,  1.81s/it, lr=1e-5, step_loss=0.149]
Steps:  98%|█████████▊| 514/525 [15:33<00:19,  1.81s/it, lr=1e-5, step_loss=0.222]
Steps:  98%|█████████▊| 515/525 [15:35<00:18,  1.81s/it, lr=1e-5, step_loss=0.222]
Steps:  98%|█████████▊| 515/525 [15:35<00:18,  1.81s/it, lr=1e-5, step_loss=0.147]
Steps:  98%|█████████▊| 516/525 [15:37<00:16,  1.82s/it, lr=1e-5, step_loss=0.147]
Steps:  98%|█████████▊| 516/525 [15:37<00:16,  1.82s/it, lr=1e-5, step_loss=0.225]
Steps:  98%|█████████▊| 517/525 [15:39<00:14,  1.81s/it, lr=1e-5, step_loss=0.225]
Steps:  98%|█████████▊| 517/525 [15:39<00:14,  1.81s/it, lr=1e-5, step_loss=0.237]
Steps:  99%|█████████▊| 518/525 [15:41<00:12,  1.81s/it, lr=1e-5, step_loss=0.237]
Steps:  99%|█████████▊| 518/525 [15:41<00:12,  1.81s/it, lr=1e-5, step_loss=0.179]
Steps:  99%|█████████▉| 519/525 [15:42<00:10,  1.81s/it, lr=1e-5, step_loss=0.179]
Steps:  99%|█████████▉| 519/525 [15:42<00:10,  1.81s/it, lr=1e-5, step_loss=0.135]
Steps:  99%|█████████▉| 520/525 [15:44<00:09,  1.81s/it, lr=1e-5, step_loss=0.135]
Steps:  99%|█████████▉| 520/525 [15:44<00:09,  1.81s/it, lr=1e-5, step_loss=0.137]
Steps:  99%|█████████▉| 521/525 [15:46<00:07,  1.81s/it, lr=1e-5, step_loss=0.137]
Steps:  99%|█████████▉| 521/525 [15:46<00:07,  1.81s/it, lr=1e-5, step_loss=0.133]
Steps:  99%|█████████▉| 522/525 [15:48<00:05,  1.81s/it, lr=1e-5, step_loss=0.133]
Steps:  99%|█████████▉| 522/525 [15:48<00:05,  1.81s/it, lr=1e-5, step_loss=0.136]
Steps: 100%|█████████▉| 523/525 [15:50<00:03,  1.81s/it, lr=1e-5, step_loss=0.136]
Steps: 100%|█████████▉| 523/525 [15:50<00:03,  1.81s/it, lr=1e-5, step_loss=0.0783]
Steps: 100%|█████████▉| 524/525 [15:51<00:01,  1.81s/it, lr=1e-5, step_loss=0.0783]
Steps: 100%|█████████▉| 524/525 [15:52<00:01,  1.81s/it, lr=1e-5, step_loss=0.132] 
Steps: 100%|██████████| 525/525 [15:53<00:00,  1.80s/it, lr=1e-5, step_loss=0.132]
Steps: 100%|██████████| 525/525 [15:53<00:00,  1.80s/it, lr=1e-5, step_loss=0.0589]Model weights saved in /home/t/tph777/app_backend/train/output/my_model/pytorch_lora_weights.safetensors
{'feature_extractor', 'image_encoder'} was not found in config. Values will be initialized to default values.


Loading pipeline components...:   0%|          | 0/7 [00:00<?, ?it/s][A{'rescale_betas_zero_snr', 'sigma_max', 'use_exponential_sigmas', 'use_beta_sigmas', 'timestep_type', 'final_sigmas_type', 'sigma_min'} was not found in config. Values will be initialized to default values.
Loaded scheduler as EulerDiscreteScheduler from `scheduler` subfolder of stabilityai/stable-diffusion-xl-base-1.0.
Loaded tokenizer as CLIPTokenizer from `tokenizer` subfolder of stabilityai/stable-diffusion-xl-base-1.0.
`torch_dtype` is deprecated! Use `dtype` instead!
Loaded text_encoder as CLIPTextModel from `text_encoder` subfolder of stabilityai/stable-diffusion-xl-base-1.0.
Instantiating UNet2DConditionModel model under default dtype torch.float32.
{'reverse_transformer_layers_per_block', 'dropout', 'attention_type'} was not found in config. Values will be initialized to default values.
All model checkpoint weights were used when initializing UNet2DConditionModel.

All the weights of UNet2DConditionModel were initialized from the model checkpoint at /home/t/tph777/.cache/huggingface/hub/models--stabilityai--stable-diffusion-xl-base-1.0/snapshots/462165984030d82259a11f4367a4eed129e94a7b/unet.
If your task is similar to the task the model of the checkpoint was trained on, you can already use UNet2DConditionModel for predictions without further training.
Loaded unet as UNet2DConditionModel from `unet` subfolder of stabilityai/stable-diffusion-xl-base-1.0.


Loading pipeline components...:  71%|███████▏  | 5/7 [00:00<00:00, 21.05it/s][ALoaded text_encoder_2 as CLIPTextModelWithProjection from `text_encoder_2` subfolder of stabilityai/stable-diffusion-xl-base-1.0.
Loaded tokenizer_2 as CLIPTokenizer from `tokenizer_2` subfolder of stabilityai/stable-diffusion-xl-base-1.0.

Loading pipeline components...: 100%|██████████| 7/7 [00:00<00:00, 17.52it/s]
Loading unet.
No LoRA keys associated to CLIPTextModel found with the prefix='text_encoder'. This is safe to ignore if LoRA state dict didn't originally have any CLIPTextModel related params. You can also try specifying `prefix=None` to resolve the warning. Otherwise, open an issue if you think it's unexpected: https://github.com/huggingface/diffusers/issues/new
No LoRA keys associated to CLIPTextModelWithProjection found with the prefix='text_encoder_2'. This is safe to ignore if LoRA state dict didn't originally have any CLIPTextModelWithProjection related params. You can also try specifying `prefix=None` to resolve the warning. Otherwise, open an issue if you think it's unexpected: https://github.com/huggingface/diffusers/issues/new

Steps: 100%|██████████| 525/525 [15:55<00:00,  1.82s/it, lr=1e-5, step_loss=0.0589]